{
  "C:\\Users\\steven.mcsorley\\projects\\test\\src\\js\\filter\\filter.js": {
    "path": "C:\\Users\\steven.mcsorley\\projects\\test\\src\\js\\filter\\filter.js",
    "statementMap": {
      "0": {
        "start": {
          "line": 1,
          "column": 22
        },
        "end": {
          "line": 29,
          "column": 1
        }
      },
      "1": {
        "start": {
          "line": 2,
          "column": 25
        },
        "end": {
          "line": 2,
          "column": 67
        }
      },
      "2": {
        "start": {
          "line": 3,
          "column": 16
        },
        "end": {
          "line": 3,
          "column": 60
        }
      },
      "3": {
        "start": {
          "line": 4,
          "column": 28
        },
        "end": {
          "line": 4,
          "column": 31
        }
      },
      "4": {
        "start": {
          "line": 6,
          "column": 22
        },
        "end": {
          "line": 22,
          "column": 3
        }
      },
      "5": {
        "start": {
          "line": 7,
          "column": 16
        },
        "end": {
          "line": 7,
          "column": 36
        }
      },
      "6": {
        "start": {
          "line": 8,
          "column": 4
        },
        "end": {
          "line": 17,
          "column": 7
        }
      },
      "7": {
        "start": {
          "line": 9,
          "column": 6
        },
        "end": {
          "line": 16,
          "column": 7
        }
      },
      "8": {
        "start": {
          "line": 10,
          "column": 8
        },
        "end": {
          "line": 10,
          "column": 56
        }
      },
      "9": {
        "start": {
          "line": 12,
          "column": 8
        },
        "end": {
          "line": 12,
          "column": 43
        }
      },
      "10": {
        "start": {
          "line": 13,
          "column": 8
        },
        "end": {
          "line": 15,
          "column": 32
        }
      },
      "11": {
        "start": {
          "line": 14,
          "column": 10
        },
        "end": {
          "line": 14,
          "column": 39
        }
      },
      "12": {
        "start": {
          "line": 24,
          "column": 2
        },
        "end": {
          "line": 28,
          "column": 3
        }
      },
      "13": {
        "start": {
          "line": 25,
          "column": 4
        },
        "end": {
          "line": 27,
          "column": 7
        }
      },
      "14": {
        "start": {
          "line": 26,
          "column": 6
        },
        "end": {
          "line": 26,
          "column": 68
        }
      }
    },
    "fnMap": {
      "0": {
        "name": "(anonymous_0)",
        "decl": {
          "start": {
            "line": 1,
            "column": 22
          },
          "end": {
            "line": 1,
            "column": 23
          }
        },
        "loc": {
          "start": {
            "line": 1,
            "column": 28
          },
          "end": {
            "line": 29,
            "column": 1
          }
        },
        "line": 1
      },
      "1": {
        "name": "(anonymous_1)",
        "decl": {
          "start": {
            "line": 6,
            "column": 22
          },
          "end": {
            "line": 6,
            "column": 23
          }
        },
        "loc": {
          "start": {
            "line": 6,
            "column": 28
          },
          "end": {
            "line": 22,
            "column": 3
          }
        },
        "line": 6
      },
      "2": {
        "name": "(anonymous_2)",
        "decl": {
          "start": {
            "line": 8,
            "column": 18
          },
          "end": {
            "line": 8,
            "column": 19
          }
        },
        "loc": {
          "start": {
            "line": 8,
            "column": 34
          },
          "end": {
            "line": 17,
            "column": 5
          }
        },
        "line": 8
      },
      "3": {
        "name": "(anonymous_3)",
        "decl": {
          "start": {
            "line": 13,
            "column": 19
          },
          "end": {
            "line": 13,
            "column": 20
          }
        },
        "loc": {
          "start": {
            "line": 13,
            "column": 31
          },
          "end": {
            "line": 15,
            "column": 9
          }
        },
        "line": 13
      },
      "4": {
        "name": "(anonymous_4)",
        "decl": {
          "start": {
            "line": 25,
            "column": 50
          },
          "end": {
            "line": 25,
            "column": 51
          }
        },
        "loc": {
          "start": {
            "line": 25,
            "column": 62
          },
          "end": {
            "line": 27,
            "column": 5
          }
        },
        "line": 25
      }
    },
    "branchMap": {
      "0": {
        "loc": {
          "start": {
            "line": 9,
            "column": 6
          },
          "end": {
            "line": 16,
            "column": 7
          }
        },
        "type": "if",
        "locations": [
          {
            "start": {
              "line": 9,
              "column": 6
            },
            "end": {
              "line": 16,
              "column": 7
            }
          },
          {
            "start": {
              "line": 11,
              "column": 13
            },
            "end": {
              "line": 16,
              "column": 7
            }
          }
        ],
        "line": 9
      },
      "1": {
        "loc": {
          "start": {
            "line": 9,
            "column": 10
          },
          "end": {
            "line": 9,
            "column": 60
          }
        },
        "type": "binary-expr",
        "locations": [
          {
            "start": {
              "line": 9,
              "column": 10
            },
            "end": {
              "line": 9,
              "column": 41
            }
          },
          {
            "start": {
              "line": 9,
              "column": 45
            },
            "end": {
              "line": 9,
              "column": 60
            }
          }
        ],
        "line": 9
      },
      "2": {
        "loc": {
          "start": {
            "line": 24,
            "column": 2
          },
          "end": {
            "line": 28,
            "column": 3
          }
        },
        "type": "if",
        "locations": [
          {
            "start": {
              "line": 24,
              "column": 2
            },
            "end": {
              "line": 28,
              "column": 3
            }
          },
          {
            "start": {},
            "end": {}
          }
        ],
        "line": 24
      }
    },
    "s": {
      "0": 1,
      "1": 1,
      "2": 1,
      "3": 1,
      "4": 1,
      "5": 0,
      "6": 0,
      "7": 0,
      "8": 0,
      "9": 0,
      "10": 0,
      "11": 0,
      "12": 1,
      "13": 1,
      "14": 1
    },
    "f": {
      "0": 1,
      "1": 0,
      "2": 0,
      "3": 0,
      "4": 1
    },
    "b": {
      "0": [
        0,
        0
      ],
      "1": [
        0,
        0
      ],
      "2": [
        1,
        0
      ]
    },
    "_coverageSchema": "1a1c01bbd47fc00a2c39e90264f33305004495a9",
    "hash": "ed903f10824f75fbfe0a61d3ac1bb3aba74ea1c0"
  },
  "C:\\Users\\steven.mcsorley\\projects\\test\\src\\js\\scroll\\scroll.js": {
    "path": "C:\\Users\\steven.mcsorley\\projects\\test\\src\\js\\scroll\\scroll.js",
    "statementMap": {
      "0": {
        "start": {
          "line": 4,
          "column": 22
        },
        "end": {
          "line": 106,
          "column": 1
        }
      },
      "1": {
        "start": {
          "line": 7,
          "column": 13
        },
        "end": {
          "line": 7,
          "column": 72
        }
      },
      "2": {
        "start": {
          "line": 10,
          "column": 19
        },
        "end": {
          "line": 10,
          "column": 68
        }
      },
      "3": {
        "start": {
          "line": 12,
          "column": 20
        },
        "end": {
          "line": 12,
          "column": 65
        }
      },
      "4": {
        "start": {
          "line": 14,
          "column": 36
        },
        "end": {
          "line": 38,
          "column": 3
        }
      },
      "5": {
        "start": {
          "line": 15,
          "column": 4
        },
        "end": {
          "line": 37,
          "column": 5
        }
      },
      "6": {
        "start": {
          "line": 18,
          "column": 6
        },
        "end": {
          "line": 24,
          "column": 8
        }
      },
      "7": {
        "start": {
          "line": 21,
          "column": 10
        },
        "end": {
          "line": 21,
          "column": 60
        }
      },
      "8": {
        "start": {
          "line": 27,
          "column": 6
        },
        "end": {
          "line": 32,
          "column": 9
        }
      },
      "9": {
        "start": {
          "line": 28,
          "column": 8
        },
        "end": {
          "line": 31,
          "column": 11
        }
      },
      "10": {
        "start": {
          "line": 34,
          "column": 6
        },
        "end": {
          "line": 34,
          "column": 49
        }
      },
      "11": {
        "start": {
          "line": 35,
          "column": 6
        },
        "end": {
          "line": 35,
          "column": 70
        }
      },
      "12": {
        "start": {
          "line": 36,
          "column": 6
        },
        "end": {
          "line": 36,
          "column": 78
        }
      },
      "13": {
        "start": {
          "line": 40,
          "column": 2
        },
        "end": {
          "line": 40,
          "column": 68
        }
      },
      "14": {
        "start": {
          "line": 41,
          "column": 2
        },
        "end": {
          "line": 41,
          "column": 30
        }
      },
      "15": {
        "start": {
          "line": 45,
          "column": 15
        },
        "end": {
          "line": 45,
          "column": 19
        }
      },
      "16": {
        "start": {
          "line": 46,
          "column": 4
        },
        "end": {
          "line": 53,
          "column": 6
        }
      },
      "17": {
        "start": {
          "line": 47,
          "column": 14
        },
        "end": {
          "line": 47,
          "column": 23
        }
      },
      "18": {
        "start": {
          "line": 48,
          "column": 12
        },
        "end": {
          "line": 48,
          "column": 16
        }
      },
      "19": {
        "start": {
          "line": 49,
          "column": 6
        },
        "end": {
          "line": 49,
          "column": 25
        }
      },
      "20": {
        "start": {
          "line": 50,
          "column": 6
        },
        "end": {
          "line": 52,
          "column": 13
        }
      },
      "21": {
        "start": {
          "line": 51,
          "column": 8
        },
        "end": {
          "line": 51,
          "column": 23
        }
      },
      "22": {
        "start": {
          "line": 58,
          "column": 13
        },
        "end": {
          "line": 58,
          "column": 14
        }
      },
      "23": {
        "start": {
          "line": 59,
          "column": 4
        },
        "end": {
          "line": 69,
          "column": 6
        }
      },
      "24": {
        "start": {
          "line": 60,
          "column": 14
        },
        "end": {
          "line": 60,
          "column": 23
        }
      },
      "25": {
        "start": {
          "line": 61,
          "column": 12
        },
        "end": {
          "line": 61,
          "column": 16
        }
      },
      "26": {
        "start": {
          "line": 62,
          "column": 14
        },
        "end": {
          "line": 62,
          "column": 25
        }
      },
      "27": {
        "start": {
          "line": 63,
          "column": 14
        },
        "end": {
          "line": 66,
          "column": 9
        }
      },
      "28": {
        "start": {
          "line": 64,
          "column": 10
        },
        "end": {
          "line": 64,
          "column": 21
        }
      },
      "29": {
        "start": {
          "line": 65,
          "column": 10
        },
        "end": {
          "line": 65,
          "column": 25
        }
      },
      "30": {
        "start": {
          "line": 67,
          "column": 6
        },
        "end": {
          "line": 67,
          "column": 25
        }
      },
      "31": {
        "start": {
          "line": 68,
          "column": 6
        },
        "end": {
          "line": 68,
          "column": 62
        }
      },
      "32": {
        "start": {
          "line": 72,
          "column": 19
        },
        "end": {
          "line": 72,
          "column": 75
        }
      },
      "33": {
        "start": {
          "line": 73,
          "column": 25
        },
        "end": {
          "line": 73,
          "column": 67
        }
      },
      "34": {
        "start": {
          "line": 74,
          "column": 2
        },
        "end": {
          "line": 83,
          "column": 3
        }
      },
      "35": {
        "start": {
          "line": 75,
          "column": 4
        },
        "end": {
          "line": 80,
          "column": 7
        }
      },
      "36": {
        "start": {
          "line": 77,
          "column": 6
        },
        "end": {
          "line": 79,
          "column": 9
        }
      },
      "37": {
        "start": {
          "line": 78,
          "column": 8
        },
        "end": {
          "line": 78,
          "column": 43
        }
      },
      "38": {
        "start": {
          "line": 82,
          "column": 4
        },
        "end": {
          "line": 82,
          "column": 68
        }
      },
      "39": {
        "start": {
          "line": 85,
          "column": 32
        },
        "end": {
          "line": 92,
          "column": 3
        }
      },
      "40": {
        "start": {
          "line": 86,
          "column": 4
        },
        "end": {
          "line": 91,
          "column": 7
        }
      },
      "41": {
        "start": {
          "line": 87,
          "column": 6
        },
        "end": {
          "line": 90,
          "column": 7
        }
      },
      "42": {
        "start": {
          "line": 89,
          "column": 8
        },
        "end": {
          "line": 89,
          "column": 39
        }
      },
      "43": {
        "start": {
          "line": 94,
          "column": 34
        },
        "end": {
          "line": 105,
          "column": 3
        }
      },
      "44": {
        "start": {
          "line": 95,
          "column": 4
        },
        "end": {
          "line": 104,
          "column": 7
        }
      },
      "45": {
        "start": {
          "line": 96,
          "column": 6
        },
        "end": {
          "line": 103,
          "column": 7
        }
      },
      "46": {
        "start": {
          "line": 100,
          "column": 8
        },
        "end": {
          "line": 100,
          "column": 44
        }
      },
      "47": {
        "start": {
          "line": 102,
          "column": 8
        },
        "end": {
          "line": 102,
          "column": 39
        }
      }
    },
    "fnMap": {
      "0": {
        "name": "(anonymous_0)",
        "decl": {
          "start": {
            "line": 4,
            "column": 22
          },
          "end": {
            "line": 4,
            "column": 23
          }
        },
        "loc": {
          "start": {
            "line": 4,
            "column": 28
          },
          "end": {
            "line": 106,
            "column": 1
          }
        },
        "line": 4
      },
      "1": {
        "name": "(anonymous_1)",
        "decl": {
          "start": {
            "line": 14,
            "column": 36
          },
          "end": {
            "line": 14,
            "column": 37
          }
        },
        "loc": {
          "start": {
            "line": 14,
            "column": 42
          },
          "end": {
            "line": 38,
            "column": 3
          }
        },
        "line": 14
      },
      "2": {
        "name": "(anonymous_2)",
        "decl": {
          "start": {
            "line": 20,
            "column": 8
          },
          "end": {
            "line": 20,
            "column": 9
          }
        },
        "loc": {
          "start": {
            "line": 20,
            "column": 14
          },
          "end": {
            "line": 22,
            "column": 9
          }
        },
        "line": 20
      },
      "3": {
        "name": "(anonymous_3)",
        "decl": {
          "start": {
            "line": 27,
            "column": 42
          },
          "end": {
            "line": 27,
            "column": 43
          }
        },
        "loc": {
          "start": {
            "line": 27,
            "column": 55
          },
          "end": {
            "line": 32,
            "column": 7
          }
        },
        "line": 27
      },
      "4": {
        "name": "debounce",
        "decl": {
          "start": {
            "line": 43,
            "column": 11
          },
          "end": {
            "line": 43,
            "column": 19
          }
        },
        "loc": {
          "start": {
            "line": 43,
            "column": 28
          },
          "end": {
            "line": 54,
            "column": 3
          }
        },
        "line": 43
      },
      "5": {
        "name": "(anonymous_5)",
        "decl": {
          "start": {
            "line": 46,
            "column": 11
          },
          "end": {
            "line": 46,
            "column": 12
          }
        },
        "loc": {
          "start": {
            "line": 46,
            "column": 23
          },
          "end": {
            "line": 53,
            "column": 5
          }
        },
        "line": 46
      },
      "6": {
        "name": "(anonymous_6)",
        "decl": {
          "start": {
            "line": 50,
            "column": 24
          },
          "end": {
            "line": 50,
            "column": 25
          }
        },
        "loc": {
          "start": {
            "line": 50,
            "column": 36
          },
          "end": {
            "line": 52,
            "column": 7
          }
        },
        "line": 50
      },
      "7": {
        "name": "throttle",
        "decl": {
          "start": {
            "line": 55,
            "column": 11
          },
          "end": {
            "line": 55,
            "column": 19
          }
        },
        "loc": {
          "start": {
            "line": 55,
            "column": 28
          },
          "end": {
            "line": 70,
            "column": 3
          }
        },
        "line": 55
      },
      "8": {
        "name": "(anonymous_8)",
        "decl": {
          "start": {
            "line": 59,
            "column": 11
          },
          "end": {
            "line": 59,
            "column": 12
          }
        },
        "loc": {
          "start": {
            "line": 59,
            "column": 23
          },
          "end": {
            "line": 69,
            "column": 5
          }
        },
        "line": 59
      },
      "9": {
        "name": "(anonymous_9)",
        "decl": {
          "start": {
            "line": 63,
            "column": 14
          },
          "end": {
            "line": 63,
            "column": 15
          }
        },
        "loc": {
          "start": {
            "line": 63,
            "column": 26
          },
          "end": {
            "line": 66,
            "column": 9
          }
        },
        "line": 63
      },
      "10": {
        "name": "(anonymous_10)",
        "decl": {
          "start": {
            "line": 75,
            "column": 45
          },
          "end": {
            "line": 75,
            "column": 46
          }
        },
        "loc": {
          "start": {
            "line": 75,
            "column": 51
          },
          "end": {
            "line": 80,
            "column": 5
          }
        },
        "line": 75
      },
      "11": {
        "name": "(anonymous_11)",
        "decl": {
          "start": {
            "line": 77,
            "column": 23
          },
          "end": {
            "line": 77,
            "column": 24
          }
        },
        "loc": {
          "start": {
            "line": 77,
            "column": 33
          },
          "end": {
            "line": 79,
            "column": 7
          }
        },
        "line": 77
      },
      "12": {
        "name": "(anonymous_12)",
        "decl": {
          "start": {
            "line": 85,
            "column": 32
          },
          "end": {
            "line": 85,
            "column": 33
          }
        },
        "loc": {
          "start": {
            "line": 85,
            "column": 54
          },
          "end": {
            "line": 92,
            "column": 3
          }
        },
        "line": 85
      },
      "13": {
        "name": "(anonymous_13)",
        "decl": {
          "start": {
            "line": 86,
            "column": 18
          },
          "end": {
            "line": 86,
            "column": 19
          }
        },
        "loc": {
          "start": {
            "line": 86,
            "column": 26
          },
          "end": {
            "line": 91,
            "column": 5
          }
        },
        "line": 86
      },
      "14": {
        "name": "(anonymous_14)",
        "decl": {
          "start": {
            "line": 94,
            "column": 34
          },
          "end": {
            "line": 94,
            "column": 35
          }
        },
        "loc": {
          "start": {
            "line": 94,
            "column": 56
          },
          "end": {
            "line": 105,
            "column": 3
          }
        },
        "line": 94
      },
      "15": {
        "name": "(anonymous_15)",
        "decl": {
          "start": {
            "line": 95,
            "column": 18
          },
          "end": {
            "line": 95,
            "column": 19
          }
        },
        "loc": {
          "start": {
            "line": 95,
            "column": 26
          },
          "end": {
            "line": 104,
            "column": 5
          }
        },
        "line": 95
      }
    },
    "branchMap": {
      "0": {
        "loc": {
          "start": {
            "line": 7,
            "column": 13
          },
          "end": {
            "line": 7,
            "column": 72
          }
        },
        "type": "binary-expr",
        "locations": [
          {
            "start": {
              "line": 7,
              "column": 13
            },
            "end": {
              "line": 7,
              "column": 31
            }
          },
          {
            "start": {
              "line": 7,
              "column": 35
            },
            "end": {
              "line": 7,
              "column": 72
            }
          }
        ],
        "line": 7
      },
      "1": {
        "loc": {
          "start": {
            "line": 15,
            "column": 4
          },
          "end": {
            "line": 37,
            "column": 5
          }
        },
        "type": "if",
        "locations": [
          {
            "start": {
              "line": 15,
              "column": 4
            },
            "end": {
              "line": 37,
              "column": 5
            }
          },
          {
            "start": {
              "line": 33,
              "column": 11
            },
            "end": {
              "line": 37,
              "column": 5
            }
          }
        ],
        "line": 15
      },
      "2": {
        "loc": {
          "start": {
            "line": 68,
            "column": 6
          },
          "end": {
            "line": 68,
            "column": 61
          }
        },
        "type": "cond-expr",
        "locations": [
          {
            "start": {
              "line": 68,
              "column": 25
            },
            "end": {
              "line": 68,
              "column": 30
            }
          },
          {
            "start": {
              "line": 68,
              "column": 34
            },
            "end": {
              "line": 68,
              "column": 60
            }
          }
        ],
        "line": 68
      },
      "3": {
        "loc": {
          "start": {
            "line": 74,
            "column": 2
          },
          "end": {
            "line": 83,
            "column": 3
          }
        },
        "type": "if",
        "locations": [
          {
            "start": {
              "line": 74,
              "column": 2
            },
            "end": {
              "line": 83,
              "column": 3
            }
          },
          {
            "start": {},
            "end": {}
          }
        ],
        "line": 74
      },
      "4": {
        "loc": {
          "start": {
            "line": 87,
            "column": 6
          },
          "end": {
            "line": 90,
            "column": 7
          }
        },
        "type": "if",
        "locations": [
          {
            "start": {
              "line": 87,
              "column": 6
            },
            "end": {
              "line": 90,
              "column": 7
            }
          },
          {
            "start": {},
            "end": {}
          }
        ],
        "line": 87
      },
      "5": {
        "loc": {
          "start": {
            "line": 96,
            "column": 6
          },
          "end": {
            "line": 103,
            "column": 7
          }
        },
        "type": "if",
        "locations": [
          {
            "start": {
              "line": 96,
              "column": 6
            },
            "end": {
              "line": 103,
              "column": 7
            }
          },
          {
            "start": {},
            "end": {}
          }
        ],
        "line": 96
      },
      "6": {
        "loc": {
          "start": {
            "line": 97,
            "column": 8
          },
          "end": {
            "line": 98,
            "column": 45
          }
        },
        "type": "binary-expr",
        "locations": [
          {
            "start": {
              "line": 97,
              "column": 8
            },
            "end": {
              "line": 97,
              "column": 45
            }
          },
          {
            "start": {
              "line": 98,
              "column": 8
            },
            "end": {
              "line": 98,
              "column": 45
            }
          }
        ],
        "line": 97
      }
    },
    "s": {
      "0": 1,
      "1": 1,
      "2": 1,
      "3": 1,
      "4": 1,
      "5": 1,
      "6": 1,
      "7": 1,
      "8": 1,
      "9": 0,
      "10": 0,
      "11": 0,
      "12": 0,
      "13": 1,
      "14": 1,
      "15": 0,
      "16": 0,
      "17": 0,
      "18": 0,
      "19": 0,
      "20": 0,
      "21": 0,
      "22": 0,
      "23": 0,
      "24": 0,
      "25": 0,
      "26": 0,
      "27": 0,
      "28": 0,
      "29": 0,
      "30": 0,
      "31": 0,
      "32": 1,
      "33": 1,
      "34": 1,
      "35": 1,
      "36": 0,
      "37": 0,
      "38": 1,
      "39": 1,
      "40": 1,
      "41": 12,
      "42": 9,
      "43": 1,
      "44": 0,
      "45": 0,
      "46": 0,
      "47": 0
    },
    "f": {
      "0": 1,
      "1": 1,
      "2": 1,
      "3": 0,
      "4": 0,
      "5": 0,
      "6": 0,
      "7": 0,
      "8": 0,
      "9": 0,
      "10": 0,
      "11": 0,
      "12": 1,
      "13": 12,
      "14": 0,
      "15": 0
    },
    "b": {
      "0": [
        1,
        0
      ],
      "1": [
        1,
        0
      ],
      "2": [
        0,
        0
      ],
      "3": [
        1,
        0
      ],
      "4": [
        9,
        3
      ],
      "5": [
        0,
        0
      ],
      "6": [
        0,
        0
      ]
    },
    "_coverageSchema": "1a1c01bbd47fc00a2c39e90264f33305004495a9",
    "hash": "ee78a9453219c5ef121159370b7ea2e5cf6e7fd6"
  },
  "C:\\Users\\steven.mcsorley\\projects\\test\\src\\js\\menu\\menu.js": {
    "path": "C:\\Users\\steven.mcsorley\\projects\\test\\src\\js\\menu\\menu.js",
    "statementMap": {
      "0": {
        "start": {
          "line": 1,
          "column": 20
        },
        "end": {
          "line": 125,
          "column": 1
        }
      },
      "1": {
        "start": {
          "line": 4,
          "column": 23
        },
        "end": {
          "line": 4,
          "column": 65
        }
      },
      "2": {
        "start": {
          "line": 5,
          "column": 29
        },
        "end": {
          "line": 5,
          "column": 78
        }
      },
      "3": {
        "start": {
          "line": 6,
          "column": 34
        },
        "end": {
          "line": 6,
          "column": 89
        }
      },
      "4": {
        "start": {
          "line": 7,
          "column": 30
        },
        "end": {
          "line": 7,
          "column": 80
        }
      },
      "5": {
        "start": {
          "line": 8,
          "column": 28
        },
        "end": {
          "line": 8,
          "column": 78
        }
      },
      "6": {
        "start": {
          "line": 9,
          "column": 39
        },
        "end": {
          "line": 9,
          "column": 102
        }
      },
      "7": {
        "start": {
          "line": 10,
          "column": 46
        },
        "end": {
          "line": 10,
          "column": 117
        }
      },
      "8": {
        "start": {
          "line": 11,
          "column": 42
        },
        "end": {
          "line": 11,
          "column": 108
        }
      },
      "9": {
        "start": {
          "line": 12,
          "column": 41
        },
        "end": {
          "line": 12,
          "column": 104
        }
      },
      "10": {
        "start": {
          "line": 13,
          "column": 52
        },
        "end": {
          "line": 13,
          "column": 128
        }
      },
      "11": {
        "start": {
          "line": 15,
          "column": 40
        },
        "end": {
          "line": 19,
          "column": 5
        }
      },
      "12": {
        "start": {
          "line": 16,
          "column": 8
        },
        "end": {
          "line": 16,
          "column": 46
        }
      },
      "13": {
        "start": {
          "line": 17,
          "column": 8
        },
        "end": {
          "line": 17,
          "column": 53
        }
      },
      "14": {
        "start": {
          "line": 18,
          "column": 8
        },
        "end": {
          "line": 18,
          "column": 50
        }
      },
      "15": {
        "start": {
          "line": 21,
          "column": 45
        },
        "end": {
          "line": 25,
          "column": 5
        }
      },
      "16": {
        "start": {
          "line": 22,
          "column": 8
        },
        "end": {
          "line": 22,
          "column": 56
        }
      },
      "17": {
        "start": {
          "line": 23,
          "column": 8
        },
        "end": {
          "line": 23,
          "column": 46
        }
      },
      "18": {
        "start": {
          "line": 24,
          "column": 8
        },
        "end": {
          "line": 24,
          "column": 53
        }
      },
      "19": {
        "start": {
          "line": 27,
          "column": 41
        },
        "end": {
          "line": 30,
          "column": 5
        }
      },
      "20": {
        "start": {
          "line": 28,
          "column": 8
        },
        "end": {
          "line": 28,
          "column": 46
        }
      },
      "21": {
        "start": {
          "line": 29,
          "column": 8
        },
        "end": {
          "line": 29,
          "column": 53
        }
      },
      "22": {
        "start": {
          "line": 32,
          "column": 38
        },
        "end": {
          "line": 37,
          "column": 5
        }
      },
      "23": {
        "start": {
          "line": 33,
          "column": 21
        },
        "end": {
          "line": 33,
          "column": 29
        }
      },
      "24": {
        "start": {
          "line": 34,
          "column": 25
        },
        "end": {
          "line": 34,
          "column": 48
        }
      },
      "25": {
        "start": {
          "line": 35,
          "column": 29
        },
        "end": {
          "line": 35,
          "column": 58
        }
      },
      "26": {
        "start": {
          "line": 36,
          "column": 8
        },
        "end": {
          "line": 36,
          "column": 44
        }
      },
      "27": {
        "start": {
          "line": 39,
          "column": 56
        },
        "end": {
          "line": 47,
          "column": 5
        }
      },
      "28": {
        "start": {
          "line": 40,
          "column": 21
        },
        "end": {
          "line": 40,
          "column": 29
        }
      },
      "29": {
        "start": {
          "line": 41,
          "column": 28
        },
        "end": {
          "line": 41,
          "column": 73
        }
      },
      "30": {
        "start": {
          "line": 42,
          "column": 35
        },
        "end": {
          "line": 42,
          "column": 101
        }
      },
      "31": {
        "start": {
          "line": 43,
          "column": 46
        },
        "end": {
          "line": 43,
          "column": 125
        }
      },
      "32": {
        "start": {
          "line": 44,
          "column": 8
        },
        "end": {
          "line": 44,
          "column": 47
        }
      },
      "33": {
        "start": {
          "line": 45,
          "column": 8
        },
        "end": {
          "line": 45,
          "column": 54
        }
      },
      "34": {
        "start": {
          "line": 46,
          "column": 8
        },
        "end": {
          "line": 46,
          "column": 65
        }
      },
      "35": {
        "start": {
          "line": 49,
          "column": 52
        },
        "end": {
          "line": 57,
          "column": 5
        }
      },
      "36": {
        "start": {
          "line": 50,
          "column": 21
        },
        "end": {
          "line": 50,
          "column": 29
        }
      },
      "37": {
        "start": {
          "line": 51,
          "column": 28
        },
        "end": {
          "line": 51,
          "column": 73
        }
      },
      "38": {
        "start": {
          "line": 52,
          "column": 35
        },
        "end": {
          "line": 52,
          "column": 101
        }
      },
      "39": {
        "start": {
          "line": 53,
          "column": 46
        },
        "end": {
          "line": 53,
          "column": 125
        }
      },
      "40": {
        "start": {
          "line": 54,
          "column": 8
        },
        "end": {
          "line": 54,
          "column": 47
        }
      },
      "41": {
        "start": {
          "line": 55,
          "column": 8
        },
        "end": {
          "line": 55,
          "column": 54
        }
      },
      "42": {
        "start": {
          "line": 56,
          "column": 8
        },
        "end": {
          "line": 56,
          "column": 65
        }
      },
      "43": {
        "start": {
          "line": 59,
          "column": 63
        },
        "end": {
          "line": 67,
          "column": 5
        }
      },
      "44": {
        "start": {
          "line": 60,
          "column": 21
        },
        "end": {
          "line": 60,
          "column": 29
        }
      },
      "45": {
        "start": {
          "line": 61,
          "column": 28
        },
        "end": {
          "line": 61,
          "column": 73
        }
      },
      "46": {
        "start": {
          "line": 62,
          "column": 35
        },
        "end": {
          "line": 62,
          "column": 101
        }
      },
      "47": {
        "start": {
          "line": 63,
          "column": 46
        },
        "end": {
          "line": 63,
          "column": 125
        }
      },
      "48": {
        "start": {
          "line": 64,
          "column": 8
        },
        "end": {
          "line": 64,
          "column": 47
        }
      },
      "49": {
        "start": {
          "line": 65,
          "column": 8
        },
        "end": {
          "line": 65,
          "column": 54
        }
      },
      "50": {
        "start": {
          "line": 66,
          "column": 8
        },
        "end": {
          "line": 66,
          "column": 65
        }
      },
      "51": {
        "start": {
          "line": 69,
          "column": 49
        },
        "end": {
          "line": 77,
          "column": 5
        }
      },
      "52": {
        "start": {
          "line": 70,
          "column": 21
        },
        "end": {
          "line": 70,
          "column": 29
        }
      },
      "53": {
        "start": {
          "line": 71,
          "column": 28
        },
        "end": {
          "line": 71,
          "column": 73
        }
      },
      "54": {
        "start": {
          "line": 72,
          "column": 35
        },
        "end": {
          "line": 72,
          "column": 101
        }
      },
      "55": {
        "start": {
          "line": 73,
          "column": 46
        },
        "end": {
          "line": 73,
          "column": 125
        }
      },
      "56": {
        "start": {
          "line": 74,
          "column": 8
        },
        "end": {
          "line": 74,
          "column": 47
        }
      },
      "57": {
        "start": {
          "line": 75,
          "column": 8
        },
        "end": {
          "line": 75,
          "column": 54
        }
      },
      "58": {
        "start": {
          "line": 76,
          "column": 8
        },
        "end": {
          "line": 76,
          "column": 65
        }
      },
      "59": {
        "start": {
          "line": 79,
          "column": 4
        },
        "end": {
          "line": 81,
          "column": 5
        }
      },
      "60": {
        "start": {
          "line": 80,
          "column": 8
        },
        "end": {
          "line": 80,
          "column": 80
        }
      },
      "61": {
        "start": {
          "line": 82,
          "column": 4
        },
        "end": {
          "line": 84,
          "column": 5
        }
      },
      "62": {
        "start": {
          "line": 83,
          "column": 8
        },
        "end": {
          "line": 83,
          "column": 90
        }
      },
      "63": {
        "start": {
          "line": 85,
          "column": 4
        },
        "end": {
          "line": 87,
          "column": 5
        }
      },
      "64": {
        "start": {
          "line": 86,
          "column": 8
        },
        "end": {
          "line": 86,
          "column": 82
        }
      },
      "65": {
        "start": {
          "line": 88,
          "column": 4
        },
        "end": {
          "line": 92,
          "column": 5
        }
      },
      "66": {
        "start": {
          "line": 89,
          "column": 8
        },
        "end": {
          "line": 91,
          "column": 11
        }
      },
      "67": {
        "start": {
          "line": 90,
          "column": 12
        },
        "end": {
          "line": 90,
          "column": 70
        }
      },
      "68": {
        "start": {
          "line": 94,
          "column": 4
        },
        "end": {
          "line": 98,
          "column": 5
        }
      },
      "69": {
        "start": {
          "line": 95,
          "column": 8
        },
        "end": {
          "line": 97,
          "column": 11
        }
      },
      "70": {
        "start": {
          "line": 96,
          "column": 12
        },
        "end": {
          "line": 96,
          "column": 88
        }
      },
      "71": {
        "start": {
          "line": 100,
          "column": 4
        },
        "end": {
          "line": 104,
          "column": 5
        }
      },
      "72": {
        "start": {
          "line": 101,
          "column": 8
        },
        "end": {
          "line": 103,
          "column": 11
        }
      },
      "73": {
        "start": {
          "line": 102,
          "column": 12
        },
        "end": {
          "line": 102,
          "column": 84
        }
      },
      "74": {
        "start": {
          "line": 106,
          "column": 4
        },
        "end": {
          "line": 108,
          "column": 5
        }
      },
      "75": {
        "start": {
          "line": 107,
          "column": 8
        },
        "end": {
          "line": 107,
          "column": 126
        }
      },
      "76": {
        "start": {
          "line": 110,
          "column": 4
        },
        "end": {
          "line": 112,
          "column": 5
        }
      },
      "77": {
        "start": {
          "line": 111,
          "column": 8
        },
        "end": {
          "line": 111,
          "column": 104
        }
      },
      "78": {
        "start": {
          "line": 114,
          "column": 4
        },
        "end": {
          "line": 118,
          "column": 5
        }
      },
      "79": {
        "start": {
          "line": 115,
          "column": 8
        },
        "end": {
          "line": 117,
          "column": 11
        }
      },
      "80": {
        "start": {
          "line": 116,
          "column": 12
        },
        "end": {
          "line": 116,
          "column": 81
        }
      },
      "81": {
        "start": {
          "line": 120,
          "column": 4
        },
        "end": {
          "line": 124,
          "column": 5
        }
      },
      "82": {
        "start": {
          "line": 121,
          "column": 8
        },
        "end": {
          "line": 123,
          "column": 11
        }
      },
      "83": {
        "start": {
          "line": 122,
          "column": 12
        },
        "end": {
          "line": 122,
          "column": 81
        }
      }
    },
    "fnMap": {
      "0": {
        "name": "(anonymous_0)",
        "decl": {
          "start": {
            "line": 1,
            "column": 20
          },
          "end": {
            "line": 1,
            "column": 21
          }
        },
        "loc": {
          "start": {
            "line": 1,
            "column": 26
          },
          "end": {
            "line": 125,
            "column": 1
          }
        },
        "line": 1
      },
      "1": {
        "name": "(anonymous_1)",
        "decl": {
          "start": {
            "line": 15,
            "column": 40
          },
          "end": {
            "line": 15,
            "column": 41
          }
        },
        "loc": {
          "start": {
            "line": 15,
            "column": 46
          },
          "end": {
            "line": 19,
            "column": 5
          }
        },
        "line": 15
      },
      "2": {
        "name": "(anonymous_2)",
        "decl": {
          "start": {
            "line": 21,
            "column": 45
          },
          "end": {
            "line": 21,
            "column": 46
          }
        },
        "loc": {
          "start": {
            "line": 21,
            "column": 51
          },
          "end": {
            "line": 25,
            "column": 5
          }
        },
        "line": 21
      },
      "3": {
        "name": "(anonymous_3)",
        "decl": {
          "start": {
            "line": 27,
            "column": 41
          },
          "end": {
            "line": 27,
            "column": 42
          }
        },
        "loc": {
          "start": {
            "line": 27,
            "column": 47
          },
          "end": {
            "line": 30,
            "column": 5
          }
        },
        "line": 27
      },
      "4": {
        "name": "(anonymous_4)",
        "decl": {
          "start": {
            "line": 32,
            "column": 38
          },
          "end": {
            "line": 32,
            "column": 39
          }
        },
        "loc": {
          "start": {
            "line": 32,
            "column": 45
          },
          "end": {
            "line": 37,
            "column": 5
          }
        },
        "line": 32
      },
      "5": {
        "name": "(anonymous_5)",
        "decl": {
          "start": {
            "line": 39,
            "column": 56
          },
          "end": {
            "line": 39,
            "column": 57
          }
        },
        "loc": {
          "start": {
            "line": 39,
            "column": 63
          },
          "end": {
            "line": 47,
            "column": 5
          }
        },
        "line": 39
      },
      "6": {
        "name": "(anonymous_6)",
        "decl": {
          "start": {
            "line": 49,
            "column": 52
          },
          "end": {
            "line": 49,
            "column": 53
          }
        },
        "loc": {
          "start": {
            "line": 49,
            "column": 59
          },
          "end": {
            "line": 57,
            "column": 5
          }
        },
        "line": 49
      },
      "7": {
        "name": "(anonymous_7)",
        "decl": {
          "start": {
            "line": 59,
            "column": 63
          },
          "end": {
            "line": 59,
            "column": 64
          }
        },
        "loc": {
          "start": {
            "line": 59,
            "column": 70
          },
          "end": {
            "line": 67,
            "column": 5
          }
        },
        "line": 59
      },
      "8": {
        "name": "(anonymous_8)",
        "decl": {
          "start": {
            "line": 69,
            "column": 49
          },
          "end": {
            "line": 69,
            "column": 50
          }
        },
        "loc": {
          "start": {
            "line": 69,
            "column": 56
          },
          "end": {
            "line": 77,
            "column": 5
          }
        },
        "line": 69
      },
      "9": {
        "name": "(anonymous_9)",
        "decl": {
          "start": {
            "line": 89,
            "column": 32
          },
          "end": {
            "line": 89,
            "column": 33
          }
        },
        "loc": {
          "start": {
            "line": 89,
            "column": 42
          },
          "end": {
            "line": 91,
            "column": 9
          }
        },
        "line": 89
      },
      "10": {
        "name": "(anonymous_10)",
        "decl": {
          "start": {
            "line": 95,
            "column": 50
          },
          "end": {
            "line": 95,
            "column": 51
          }
        },
        "loc": {
          "start": {
            "line": 95,
            "column": 60
          },
          "end": {
            "line": 97,
            "column": 9
          }
        },
        "line": 95
      },
      "11": {
        "name": "(anonymous_11)",
        "decl": {
          "start": {
            "line": 101,
            "column": 46
          },
          "end": {
            "line": 101,
            "column": 47
          }
        },
        "loc": {
          "start": {
            "line": 101,
            "column": 56
          },
          "end": {
            "line": 103,
            "column": 9
          }
        },
        "line": 101
      },
      "12": {
        "name": "(anonymous_12)",
        "decl": {
          "start": {
            "line": 115,
            "column": 43
          },
          "end": {
            "line": 115,
            "column": 44
          }
        },
        "loc": {
          "start": {
            "line": 115,
            "column": 53
          },
          "end": {
            "line": 117,
            "column": 9
          }
        },
        "line": 115
      },
      "13": {
        "name": "(anonymous_13)",
        "decl": {
          "start": {
            "line": 121,
            "column": 43
          },
          "end": {
            "line": 121,
            "column": 44
          }
        },
        "loc": {
          "start": {
            "line": 121,
            "column": 53
          },
          "end": {
            "line": 123,
            "column": 9
          }
        },
        "line": 121
      }
    },
    "branchMap": {
      "0": {
        "loc": {
          "start": {
            "line": 79,
            "column": 4
          },
          "end": {
            "line": 81,
            "column": 5
          }
        },
        "type": "if",
        "locations": [
          {
            "start": {
              "line": 79,
              "column": 4
            },
            "end": {
              "line": 81,
              "column": 5
            }
          },
          {
            "start": {},
            "end": {}
          }
        ],
        "line": 79
      },
      "1": {
        "loc": {
          "start": {
            "line": 82,
            "column": 4
          },
          "end": {
            "line": 84,
            "column": 5
          }
        },
        "type": "if",
        "locations": [
          {
            "start": {
              "line": 82,
              "column": 4
            },
            "end": {
              "line": 84,
              "column": 5
            }
          },
          {
            "start": {},
            "end": {}
          }
        ],
        "line": 82
      },
      "2": {
        "loc": {
          "start": {
            "line": 85,
            "column": 4
          },
          "end": {
            "line": 87,
            "column": 5
          }
        },
        "type": "if",
        "locations": [
          {
            "start": {
              "line": 85,
              "column": 4
            },
            "end": {
              "line": 87,
              "column": 5
            }
          },
          {
            "start": {},
            "end": {}
          }
        ],
        "line": 85
      },
      "3": {
        "loc": {
          "start": {
            "line": 88,
            "column": 4
          },
          "end": {
            "line": 92,
            "column": 5
          }
        },
        "type": "if",
        "locations": [
          {
            "start": {
              "line": 88,
              "column": 4
            },
            "end": {
              "line": 92,
              "column": 5
            }
          },
          {
            "start": {},
            "end": {}
          }
        ],
        "line": 88
      },
      "4": {
        "loc": {
          "start": {
            "line": 94,
            "column": 4
          },
          "end": {
            "line": 98,
            "column": 5
          }
        },
        "type": "if",
        "locations": [
          {
            "start": {
              "line": 94,
              "column": 4
            },
            "end": {
              "line": 98,
              "column": 5
            }
          },
          {
            "start": {},
            "end": {}
          }
        ],
        "line": 94
      },
      "5": {
        "loc": {
          "start": {
            "line": 100,
            "column": 4
          },
          "end": {
            "line": 104,
            "column": 5
          }
        },
        "type": "if",
        "locations": [
          {
            "start": {
              "line": 100,
              "column": 4
            },
            "end": {
              "line": 104,
              "column": 5
            }
          },
          {
            "start": {},
            "end": {}
          }
        ],
        "line": 100
      },
      "6": {
        "loc": {
          "start": {
            "line": 106,
            "column": 4
          },
          "end": {
            "line": 108,
            "column": 5
          }
        },
        "type": "if",
        "locations": [
          {
            "start": {
              "line": 106,
              "column": 4
            },
            "end": {
              "line": 108,
              "column": 5
            }
          },
          {
            "start": {},
            "end": {}
          }
        ],
        "line": 106
      },
      "7": {
        "loc": {
          "start": {
            "line": 110,
            "column": 4
          },
          "end": {
            "line": 112,
            "column": 5
          }
        },
        "type": "if",
        "locations": [
          {
            "start": {
              "line": 110,
              "column": 4
            },
            "end": {
              "line": 112,
              "column": 5
            }
          },
          {
            "start": {},
            "end": {}
          }
        ],
        "line": 110
      },
      "8": {
        "loc": {
          "start": {
            "line": 114,
            "column": 4
          },
          "end": {
            "line": 118,
            "column": 5
          }
        },
        "type": "if",
        "locations": [
          {
            "start": {
              "line": 114,
              "column": 4
            },
            "end": {
              "line": 118,
              "column": 5
            }
          },
          {
            "start": {},
            "end": {}
          }
        ],
        "line": 114
      },
      "9": {
        "loc": {
          "start": {
            "line": 120,
            "column": 4
          },
          "end": {
            "line": 124,
            "column": 5
          }
        },
        "type": "if",
        "locations": [
          {
            "start": {
              "line": 120,
              "column": 4
            },
            "end": {
              "line": 124,
              "column": 5
            }
          },
          {
            "start": {},
            "end": {}
          }
        ],
        "line": 120
      }
    },
    "s": {
      "0": 1,
      "1": 1,
      "2": 1,
      "3": 1,
      "4": 1,
      "5": 1,
      "6": 1,
      "7": 1,
      "8": 1,
      "9": 1,
      "10": 1,
      "11": 1,
      "12": 0,
      "13": 0,
      "14": 0,
      "15": 1,
      "16": 0,
      "17": 0,
      "18": 0,
      "19": 1,
      "20": 0,
      "21": 0,
      "22": 1,
      "23": 0,
      "24": 0,
      "25": 0,
      "26": 0,
      "27": 1,
      "28": 0,
      "29": 0,
      "30": 0,
      "31": 0,
      "32": 0,
      "33": 0,
      "34": 0,
      "35": 1,
      "36": 0,
      "37": 0,
      "38": 0,
      "39": 0,
      "40": 0,
      "41": 0,
      "42": 0,
      "43": 1,
      "44": 0,
      "45": 0,
      "46": 0,
      "47": 0,
      "48": 0,
      "49": 0,
      "50": 0,
      "51": 1,
      "52": 0,
      "53": 0,
      "54": 0,
      "55": 0,
      "56": 0,
      "57": 0,
      "58": 0,
      "59": 1,
      "60": 1,
      "61": 1,
      "62": 1,
      "63": 1,
      "64": 1,
      "65": 1,
      "66": 1,
      "67": 3,
      "68": 1,
      "69": 1,
      "70": 0,
      "71": 1,
      "72": 1,
      "73": 0,
      "74": 1,
      "75": 0,
      "76": 1,
      "77": 0,
      "78": 1,
      "79": 1,
      "80": 0,
      "81": 1,
      "82": 1,
      "83": 0
    },
    "f": {
      "0": 1,
      "1": 0,
      "2": 0,
      "3": 0,
      "4": 0,
      "5": 0,
      "6": 0,
      "7": 0,
      "8": 0,
      "9": 3,
      "10": 0,
      "11": 0,
      "12": 0,
      "13": 0
    },
    "b": {
      "0": [
        1,
        0
      ],
      "1": [
        1,
        0
      ],
      "2": [
        1,
        0
      ],
      "3": [
        1,
        0
      ],
      "4": [
        1,
        0
      ],
      "5": [
        1,
        0
      ],
      "6": [
        0,
        1
      ],
      "7": [
        0,
        1
      ],
      "8": [
        1,
        0
      ],
      "9": [
        1,
        0
      ]
    },
    "_coverageSchema": "1a1c01bbd47fc00a2c39e90264f33305004495a9",
    "hash": "f7c987733fbd11ca5562e950ef7a9bc0aca3afab"
  },
  "C:\\Users\\steven.mcsorley\\projects\\test\\src\\js\\uuidv4\\uuidv4.js": {
    "path": "C:\\Users\\steven.mcsorley\\projects\\test\\src\\js\\uuidv4\\uuidv4.js",
    "statementMap": {
      "0": {
        "start": {
          "line": 1,
          "column": 22
        },
        "end": {
          "line": 9,
          "column": 5
        }
      },
      "1": {
        "start": {
          "line": 2,
          "column": 8
        },
        "end": {
          "line": 7,
          "column": 10
        }
      },
      "2": {
        "start": {
          "line": 3,
          "column": 10
        },
        "end": {
          "line": 6,
          "column": 24
        }
      }
    },
    "fnMap": {
      "0": {
        "name": "(anonymous_0)",
        "decl": {
          "start": {
            "line": 1,
            "column": 22
          },
          "end": {
            "line": 1,
            "column": 23
          }
        },
        "loc": {
          "start": {
            "line": 1,
            "column": 28
          },
          "end": {
            "line": 9,
            "column": 5
          }
        },
        "line": 1
      },
      "1": {
        "name": "(anonymous_1)",
        "decl": {
          "start": {
            "line": 2,
            "column": 70
          },
          "end": {
            "line": 2,
            "column": 71
          }
        },
        "loc": {
          "start": {
            "line": 3,
            "column": 10
          },
          "end": {
            "line": 6,
            "column": 24
          }
        },
        "line": 3
      }
    },
    "branchMap": {},
    "s": {
      "0": 1,
      "1": 1,
      "2": 31
    },
    "f": {
      "0": 1,
      "1": 31
    },
    "b": {},
    "_coverageSchema": "1a1c01bbd47fc00a2c39e90264f33305004495a9",
    "hash": "2298a3153f61578b45396248f280dc7701ce2925"
  },
  "C:\\Users\\steven.mcsorley\\projects\\test\\src\\js\\booking\\booking.js": {
    "path": "C:\\Users\\steven.mcsorley\\projects\\test\\src\\js\\booking\\booking.js",
    "statementMap": {
      "0": {
        "start": {
          "line": 2,
          "column": 23
        },
        "end": {
          "line": 103,
          "column": 1
        }
      },
      "1": {
        "start": {
          "line": 4,
          "column": 2
        },
        "end": {
          "line": 43,
          "column": 5
        }
      },
      "2": {
        "start": {
          "line": 5,
          "column": 4
        },
        "end": {
          "line": 42,
          "column": 5
        }
      },
      "3": {
        "start": {
          "line": 7,
          "column": 6
        },
        "end": {
          "line": 10,
          "column": 7
        }
      },
      "4": {
        "start": {
          "line": 9,
          "column": 8
        },
        "end": {
          "line": 9,
          "column": 44
        }
      },
      "5": {
        "start": {
          "line": 11,
          "column": 33
        },
        "end": {
          "line": 13,
          "column": 7
        }
      },
      "6": {
        "start": {
          "line": 14,
          "column": 6
        },
        "end": {
          "line": 14,
          "column": 77
        }
      },
      "7": {
        "start": {
          "line": 15,
          "column": 35
        },
        "end": {
          "line": 17,
          "column": 7
        }
      },
      "8": {
        "start": {
          "line": 18,
          "column": 6
        },
        "end": {
          "line": 20,
          "column": 9
        }
      },
      "9": {
        "start": {
          "line": 21,
          "column": 35
        },
        "end": {
          "line": 23,
          "column": 7
        }
      },
      "10": {
        "start": {
          "line": 24,
          "column": 6
        },
        "end": {
          "line": 26,
          "column": 9
        }
      },
      "11": {
        "start": {
          "line": 27,
          "column": 35
        },
        "end": {
          "line": 29,
          "column": 7
        }
      },
      "12": {
        "start": {
          "line": 30,
          "column": 6
        },
        "end": {
          "line": 32,
          "column": 9
        }
      },
      "13": {
        "start": {
          "line": 33,
          "column": 36
        },
        "end": {
          "line": 35,
          "column": 7
        }
      },
      "14": {
        "start": {
          "line": 36,
          "column": 6
        },
        "end": {
          "line": 38,
          "column": 9
        }
      },
      "15": {
        "start": {
          "line": 39,
          "column": 6
        },
        "end": {
          "line": 39,
          "column": 48
        }
      },
      "16": {
        "start": {
          "line": 40,
          "column": 6
        },
        "end": {
          "line": 40,
          "column": 51
        }
      },
      "17": {
        "start": {
          "line": 41,
          "column": 6
        },
        "end": {
          "line": 41,
          "column": 13
        }
      },
      "18": {
        "start": {
          "line": 46,
          "column": 21
        },
        "end": {
          "line": 46,
          "column": 63
        }
      },
      "19": {
        "start": {
          "line": 47,
          "column": 27
        },
        "end": {
          "line": 47,
          "column": 76
        }
      },
      "20": {
        "start": {
          "line": 49,
          "column": 2
        },
        "end": {
          "line": 102,
          "column": 3
        }
      },
      "21": {
        "start": {
          "line": 50,
          "column": 4
        },
        "end": {
          "line": 101,
          "column": 6
        }
      },
      "22": {
        "start": {
          "line": 54,
          "column": 25
        },
        "end": {
          "line": 54,
          "column": 49
        }
      },
      "23": {
        "start": {
          "line": 55,
          "column": 30
        },
        "end": {
          "line": 55,
          "column": 59
        }
      },
      "24": {
        "start": {
          "line": 56,
          "column": 36
        },
        "end": {
          "line": 56,
          "column": 56
        }
      },
      "25": {
        "start": {
          "line": 57,
          "column": 26
        },
        "end": {
          "line": 57,
          "column": 27
        }
      },
      "26": {
        "start": {
          "line": 58,
          "column": 8
        },
        "end": {
          "line": 62,
          "column": 9
        }
      },
      "27": {
        "start": {
          "line": 58,
          "column": 21
        },
        "end": {
          "line": 58,
          "column": 22
        }
      },
      "28": {
        "start": {
          "line": 59,
          "column": 10
        },
        "end": {
          "line": 61,
          "column": 11
        }
      },
      "29": {
        "start": {
          "line": 60,
          "column": 12
        },
        "end": {
          "line": 60,
          "column": 26
        }
      },
      "30": {
        "start": {
          "line": 63,
          "column": 8
        },
        "end": {
          "line": 98,
          "column": 9
        }
      },
      "31": {
        "start": {
          "line": 64,
          "column": 10
        },
        "end": {
          "line": 64,
          "column": 33
        }
      },
      "32": {
        "start": {
          "line": 65,
          "column": 10
        },
        "end": {
          "line": 65,
          "column": 45
        }
      },
      "33": {
        "start": {
          "line": 67,
          "column": 10
        },
        "end": {
          "line": 67,
          "column": 33
        }
      },
      "34": {
        "start": {
          "line": 68,
          "column": 31
        },
        "end": {
          "line": 68,
          "column": 33
        }
      },
      "35": {
        "start": {
          "line": 69,
          "column": 10
        },
        "end": {
          "line": 71,
          "column": 11
        }
      },
      "36": {
        "start": {
          "line": 69,
          "column": 23
        },
        "end": {
          "line": 69,
          "column": 24
        }
      },
      "37": {
        "start": {
          "line": 70,
          "column": 12
        },
        "end": {
          "line": 70,
          "column": 53
        }
      },
      "38": {
        "start": {
          "line": 78,
          "column": 10
        },
        "end": {
          "line": 78,
          "column": 77
        }
      },
      "39": {
        "start": {
          "line": 79,
          "column": 10
        },
        "end": {
          "line": 82,
          "column": 12
        }
      },
      "40": {
        "start": {
          "line": 91,
          "column": 10
        },
        "end": {
          "line": 91,
          "column": 38
        }
      },
      "41": {
        "start": {
          "line": 94,
          "column": 10
        },
        "end": {
          "line": 94,
          "column": 73
        }
      },
      "42": {
        "start": {
          "line": 95,
          "column": 10
        },
        "end": {
          "line": 95,
          "column": 76
        }
      },
      "43": {
        "start": {
          "line": 97,
          "column": 10
        },
        "end": {
          "line": 97,
          "column": 56
        }
      }
    },
    "fnMap": {
      "0": {
        "name": "(anonymous_0)",
        "decl": {
          "start": {
            "line": 2,
            "column": 23
          },
          "end": {
            "line": 2,
            "column": 24
          }
        },
        "loc": {
          "start": {
            "line": 2,
            "column": 29
          },
          "end": {
            "line": 103,
            "column": 1
          }
        },
        "line": 2
      },
      "1": {
        "name": "(anonymous_1)",
        "decl": {
          "start": {
            "line": 4,
            "column": 48
          },
          "end": {
            "line": 4,
            "column": 49
          }
        },
        "loc": {
          "start": {
            "line": 4,
            "column": 60
          },
          "end": {
            "line": 43,
            "column": 3
          }
        },
        "line": 4
      },
      "2": {
        "name": "(anonymous_2)",
        "decl": {
          "start": {
            "line": 52,
            "column": 6
          },
          "end": {
            "line": 52,
            "column": 7
          }
        },
        "loc": {
          "start": {
            "line": 52,
            "column": 23
          },
          "end": {
            "line": 99,
            "column": 7
          }
        },
        "line": 52
      }
    },
    "branchMap": {
      "0": {
        "loc": {
          "start": {
            "line": 5,
            "column": 4
          },
          "end": {
            "line": 42,
            "column": 5
          }
        },
        "type": "if",
        "locations": [
          {
            "start": {
              "line": 5,
              "column": 4
            },
            "end": {
              "line": 42,
              "column": 5
            }
          },
          {
            "start": {},
            "end": {}
          }
        ],
        "line": 5
      },
      "1": {
        "loc": {
          "start": {
            "line": 7,
            "column": 6
          },
          "end": {
            "line": 10,
            "column": 7
          }
        },
        "type": "if",
        "locations": [
          {
            "start": {
              "line": 7,
              "column": 6
            },
            "end": {
              "line": 10,
              "column": 7
            }
          },
          {
            "start": {},
            "end": {}
          }
        ],
        "line": 7
      },
      "2": {
        "loc": {
          "start": {
            "line": 49,
            "column": 2
          },
          "end": {
            "line": 102,
            "column": 3
          }
        },
        "type": "if",
        "locations": [
          {
            "start": {
              "line": 49,
              "column": 2
            },
            "end": {
              "line": 102,
              "column": 3
            }
          },
          {
            "start": {},
            "end": {}
          }
        ],
        "line": 49
      },
      "3": {
        "loc": {
          "start": {
            "line": 59,
            "column": 10
          },
          "end": {
            "line": 61,
            "column": 11
          }
        },
        "type": "if",
        "locations": [
          {
            "start": {
              "line": 59,
              "column": 10
            },
            "end": {
              "line": 61,
              "column": 11
            }
          },
          {
            "start": {},
            "end": {}
          }
        ],
        "line": 59
      },
      "4": {
        "loc": {
          "start": {
            "line": 63,
            "column": 8
          },
          "end": {
            "line": 98,
            "column": 9
          }
        },
        "type": "if",
        "locations": [
          {
            "start": {
              "line": 63,
              "column": 8
            },
            "end": {
              "line": 98,
              "column": 9
            }
          },
          {
            "start": {
              "line": 66,
              "column": 15
            },
            "end": {
              "line": 98,
              "column": 9
            }
          }
        ],
        "line": 63
      }
    },
    "s": {
      "0": 1,
      "1": 1,
      "2": 1,
      "3": 0,
      "4": 0,
      "5": 0,
      "6": 0,
      "7": 0,
      "8": 0,
      "9": 0,
      "10": 0,
      "11": 0,
      "12": 0,
      "13": 0,
      "14": 0,
      "15": 0,
      "16": 0,
      "17": 0,
      "18": 1,
      "19": 1,
      "20": 1,
      "21": 0,
      "22": 0,
      "23": 0,
      "24": 0,
      "25": 0,
      "26": 0,
      "27": 0,
      "28": 0,
      "29": 0,
      "30": 0,
      "31": 0,
      "32": 0,
      "33": 0,
      "34": 0,
      "35": 0,
      "36": 0,
      "37": 0,
      "38": 0,
      "39": 0,
      "40": 0,
      "41": 0,
      "42": 0,
      "43": 0
    },
    "f": {
      "0": 1,
      "1": 1,
      "2": 0
    },
    "b": {
      "0": [
        0,
        1
      ],
      "1": [
        0,
        0
      ],
      "2": [
        0,
        1
      ],
      "3": [
        0,
        0
      ],
      "4": [
        0,
        0
      ]
    },
    "_coverageSchema": "1a1c01bbd47fc00a2c39e90264f33305004495a9",
    "hash": "b0179ce8a8168b9332746854a41ca274241285b8"
  },
  "C:\\Users\\steven.mcsorley\\projects\\test\\src\\js\\calendar\\calendar.js": {
    "path": "C:\\Users\\steven.mcsorley\\projects\\test\\src\\js\\calendar\\calendar.js",
    "statementMap": {
      "0": {
        "start": {
          "line": 2,
          "column": 24
        },
        "end": {
          "line": 231,
          "column": 1
        }
      },
      "1": {
        "start": {
          "line": 7,
          "column": 2
        },
        "end": {
          "line": 9,
          "column": 3
        }
      },
      "2": {
        "start": {
          "line": 8,
          "column": 4
        },
        "end": {
          "line": 8,
          "column": 51
        }
      },
      "3": {
        "start": {
          "line": 11,
          "column": 12
        },
        "end": {
          "line": 11,
          "column": 52
        }
      },
      "4": {
        "start": {
          "line": 12,
          "column": 2
        },
        "end": {
          "line": 14,
          "column": 3
        }
      },
      "5": {
        "start": {
          "line": 13,
          "column": 4
        },
        "end": {
          "line": 13,
          "column": 17
        }
      },
      "6": {
        "start": {
          "line": 15,
          "column": 14
        },
        "end": {
          "line": 15,
          "column": 24
        }
      },
      "7": {
        "start": {
          "line": 16,
          "column": 21
        },
        "end": {
          "line": 16,
          "column": 37
        }
      },
      "8": {
        "start": {
          "line": 17,
          "column": 20
        },
        "end": {
          "line": 17,
          "column": 39
        }
      },
      "9": {
        "start": {
          "line": 18,
          "column": 19
        },
        "end": {
          "line": 18,
          "column": 50
        }
      },
      "10": {
        "start": {
          "line": 19,
          "column": 20
        },
        "end": {
          "line": 19,
          "column": 52
        }
      },
      "11": {
        "start": {
          "line": 21,
          "column": 15
        },
        "end": {
          "line": 34,
          "column": 3
        }
      },
      "12": {
        "start": {
          "line": 36,
          "column": 21
        },
        "end": {
          "line": 36,
          "column": 60
        }
      },
      "13": {
        "start": {
          "line": 37,
          "column": 2
        },
        "end": {
          "line": 37,
          "column": 42
        }
      },
      "14": {
        "start": {
          "line": 39,
          "column": 15
        },
        "end": {
          "line": 39,
          "column": 46
        }
      },
      "15": {
        "start": {
          "line": 40,
          "column": 15
        },
        "end": {
          "line": 40,
          "column": 46
        }
      },
      "16": {
        "start": {
          "line": 42,
          "column": 2
        },
        "end": {
          "line": 50,
          "column": 4
        }
      },
      "17": {
        "start": {
          "line": 45,
          "column": 6
        },
        "end": {
          "line": 45,
          "column": 72
        }
      },
      "18": {
        "start": {
          "line": 46,
          "column": 6
        },
        "end": {
          "line": 46,
          "column": 45
        }
      },
      "19": {
        "start": {
          "line": 47,
          "column": 6
        },
        "end": {
          "line": 47,
          "column": 46
        }
      },
      "20": {
        "start": {
          "line": 52,
          "column": 2
        },
        "end": {
          "line": 60,
          "column": 4
        }
      },
      "21": {
        "start": {
          "line": 55,
          "column": 6
        },
        "end": {
          "line": 55,
          "column": 71
        }
      },
      "22": {
        "start": {
          "line": 56,
          "column": 6
        },
        "end": {
          "line": 56,
          "column": 64
        }
      },
      "23": {
        "start": {
          "line": 57,
          "column": 6
        },
        "end": {
          "line": 57,
          "column": 46
        }
      },
      "24": {
        "start": {
          "line": 62,
          "column": 2
        },
        "end": {
          "line": 86,
          "column": 4
        }
      },
      "25": {
        "start": {
          "line": 65,
          "column": 6
        },
        "end": {
          "line": 73,
          "column": 8
        }
      },
      "26": {
        "start": {
          "line": 68,
          "column": 10
        },
        "end": {
          "line": 68,
          "column": 51
        }
      },
      "27": {
        "start": {
          "line": 69,
          "column": 10
        },
        "end": {
          "line": 69,
          "column": 53
        }
      },
      "28": {
        "start": {
          "line": 70,
          "column": 10
        },
        "end": {
          "line": 70,
          "column": 50
        }
      },
      "29": {
        "start": {
          "line": 75,
          "column": 6
        },
        "end": {
          "line": 83,
          "column": 8
        }
      },
      "30": {
        "start": {
          "line": 78,
          "column": 10
        },
        "end": {
          "line": 78,
          "column": 51
        }
      },
      "31": {
        "start": {
          "line": 79,
          "column": 10
        },
        "end": {
          "line": 79,
          "column": 53
        }
      },
      "32": {
        "start": {
          "line": 80,
          "column": 10
        },
        "end": {
          "line": 80,
          "column": 50
        }
      },
      "33": {
        "start": {
          "line": 89,
          "column": 18
        },
        "end": {
          "line": 89,
          "column": 72
        }
      },
      "34": {
        "start": {
          "line": 90,
          "column": 4
        },
        "end": {
          "line": 114,
          "column": 7
        }
      },
      "35": {
        "start": {
          "line": 91,
          "column": 6
        },
        "end": {
          "line": 113,
          "column": 9
        }
      },
      "36": {
        "start": {
          "line": 92,
          "column": 22
        },
        "end": {
          "line": 92,
          "column": 54
        }
      },
      "37": {
        "start": {
          "line": 93,
          "column": 8
        },
        "end": {
          "line": 93,
          "column": 42
        }
      },
      "38": {
        "start": {
          "line": 94,
          "column": 26
        },
        "end": {
          "line": 94,
          "column": 74
        }
      },
      "39": {
        "start": {
          "line": 96,
          "column": 27
        },
        "end": {
          "line": 96,
          "column": 75
        }
      },
      "40": {
        "start": {
          "line": 97,
          "column": 8
        },
        "end": {
          "line": 97,
          "column": 42
        }
      },
      "41": {
        "start": {
          "line": 99,
          "column": 30
        },
        "end": {
          "line": 99,
          "column": 71
        }
      },
      "42": {
        "start": {
          "line": 100,
          "column": 8
        },
        "end": {
          "line": 100,
[...]
          "end": {
            "line": 143,
            "column": 3
          }
        },
        "line": 121
      },
      "10": {
        "name": "(anonymous_10)",
        "decl": {
          "start": {
            "line": 128,
            "column": 36
          },
          "end": {
            "line": 128,
            "column": 37
          }
        },
        "loc": {
          "start": {
            "line": 128,
            "column": 48
          },
          "end": {
            "line": 142,
            "column": 5
          }
        },
        "line": 128
      },
      "11": {
        "name": "showCalendar",
        "decl": {
          "start": {
            "line": 149,
            "column": 11
          },
          "end": {
            "line": 149,
            "column": 23
          }
        },
        "loc": {
          "start": {
            "line": 149,
            "column": 37
          },
          "end": {
            "line": 223,
            "column": 3
          }
        },
        "line": 149
      },
      "12": {
        "name": "daysInMonth",
        "decl": {
          "start": {
            "line": 228,
            "column": 11
          },
          "end": {
            "line": 228,
            "column": 22
          }
        },
        "loc": {
          "start": {
            "line": 228,
            "column": 38
          },
          "end": {
            "line": 230,
            "column": 3
          }
        },
        "line": 228
      }
    },
    "branchMap": {
      "0": {
        "loc": {
          "start": {
            "line": 7,
            "column": 2
          },
          "end": {
            "line": 9,
            "column": 3
          }
        },
        "type": "if",
        "locations": [
          {
            "start": {
              "line": 7,
              "column": 2
            },
            "end": {
              "line": 9,
              "column": 3
            }
          },
          {
            "start": {},
            "end": {}
          }
        ],
        "line": 7
      },
      "1": {
        "loc": {
          "start": {
            "line": 12,
            "column": 2
          },
          "end": {
            "line": 14,
            "column": 3
          }
        },
        "type": "if",
        "locations": [
          {
            "start": {
              "line": 12,
              "column": 2
            },
            "end": {
              "line": 14,
              "column": 3
            }
          },
          {
            "start": {},
            "end": {}
          }
        ],
        "line": 12
      },
      "2": {
        "loc": {
          "start": {
            "line": 45,
            "column": 20
          },
          "end": {
            "line": 45,
            "column": 71
          }
        },
        "type": "cond-expr",
        "locations": [
          {
            "start": {
              "line": 45,
              "column": 42
            },
            "end": {
              "line": 45,
              "column": 57
            }
          },
          {
            "start": {
              "line": 45,
              "column": 60
            },
            "end": {
              "line": 45,
              "column": 71
            }
          }
        ],
        "line": 45
      },
      "3": {
        "loc": {
          "start": {
            "line": 55,
            "column": 20
          },
          "end": {
            "line": 55,
            "column": 70
          }
        },
        "type": "cond-expr",
        "locations": [
          {
            "start": {
              "line": 55,
              "column": 41
            },
            "end": {
              "line": 55,
              "column": 56
            }
          },
          {
            "start": {
              "line": 55,
              "column": 59
            },
            "end": {
              "line": 55,
              "column": 70
            }
          }
        ],
        "line": 55
      },
      "4": {
        "loc": {
          "start": {
            "line": 56,
            "column": 21
          },
          "end": {
            "line": 56,
            "column": 63
          }
        },
        "type": "cond-expr",
        "locations": [
          {
            "start": {
              "line": 56,
              "column": 42
            },
            "end": {
              "line": 56,
              "column": 44
            }
          },
          {
            "start": {
              "line": 56,
              "column": 47
            },
            "end": {
              "line": 56,
              "column": 63
            }
          }
        ],
        "line": 56
      },
      "5": {
        "loc": {
          "start": {
            "line": 123,
            "column": 4
          },
          "end": {
            "line": 126,
            "column": 5
          }
        },
        "type": "if",
        "locations": [
          {
            "start": {
              "line": 123,
              "column": 4
            },
            "end": {
              "line": 126,
              "column": 5
            }
          },
          {
            "start": {},
            "end": {}
          }
        ],
        "line": 123
      },
      "6": {
        "loc": {
          "start": {
            "line": 171,
            "column": 8
          },
          "end": {
            "line": 212,
            "column": 9
          }
        },
        "type": "if",
        "locations": [
          {
            "start": {
              "line": 171,
              "column": 8
            },
            "end": {
              "line": 212,
              "column": 9
            }
          },
          {
            "start": {
              "line": 177,
              "column": 15
            },
            "end": {
              "line": 212,
              "column": 9
            }
          }
        ],
        "line": 171
      },
      "7": {
        "loc": {
          "start": {
            "line": 171,
            "column": 12
          },
          "end": {
            "line": 171,
            "column": 35
          }
        },
        "type": "binary-expr",
        "locations": [
          {
            "start": {
              "line": 171,
              "column": 12
            },
            "end": {
              "line": 171,
              "column": 19
            }
          },
          {
            "start": {
              "line": 171,
              "column": 23
            },
            "end": {
              "line": 171,
              "column": 35
            }
          }
        ],
        "line": 171
      },
      "8": {
        "loc": {
          "start": {
            "line": 177,
            "column": 15
          },
          "end": {
            "line": 212,
            "column": 9
          }
        },
        "type": "if",
        "locations": [
          {
            "start": {
              "line": 177,
              "column": 15
            },
            "end": {
              "line": 212,
              "column": 9
            }
          },
          {
            "start": {
              "line": 179,
              "column": 15
            },
            "end": {
              "line": 212,
              "column": 9
            }
          }
        ],
        "line": 177
      },
      "9": {
        "loc": {
          "start": {
            "line": 185,
            "column": 10
          },
          "end": {
            "line": 193,
            "column": 11
          }
        },
        "type": "if",
        "locations": [
          {
            "start": {
              "line": 185,
              "column": 10
            },
            "end": {
              "line": 193,
              "column": 11
            }
          },
          {
            "start": {},
            "end": {}
          }
        ],
        "line": 185
      },
      "10": {
        "loc": {
          "start": {
            "line": 186,
            "column": 12
          },
          "end": {
            "line": 190,
            "column": 37
          }
        },
        "type": "binary-expr",
        "locations": [
          {
            "start": {
              "line": 186,
              "column": 12
            },
            "end": {
              "line": 186,
              "column": 38
            }
          },
          {
            "start": {
              "line": 187,
              "column": 13
            },
            "end": {
              "line": 187,
              "column": 41
            }
          },
          {
            "start": {
              "line": 187,
              "column": 45
            },
            "end": {
              "line": 187,
              "column": 69
            }
          },
          {
            "start": {
              "line": 188,
              "column": 13
            },
            "end": {
              "line": 188,
              "column": 41
            }
          },
          {
            "start": {
              "line": 189,
              "column": 14
            },
            "end": {
              "line": 189,
              "column": 40
            }
          },
          {
            "start": {
              "line": 190,
              "column": 14
            },
            "end": {
              "line": 190,
              "column": 36
            }
          }
        ],
        "line": 186
      },
      "11": {
        "loc": {
          "start": {
            "line": 195,
            "column": 10
          },
          "end": {
            "line": 201,
            "column": 11
          }
        },
        "type": "if",
        "locations": [
          {
            "start": {
              "line": 195,
              "column": 10
            },
            "end": {
              "line": 201,
              "column": 11
            }
          },
          {
            "start": {},
            "end": {}
          }
        ],
        "line": 195
      },
      "12": {
        "loc": {
          "start": {
            "line": 196,
            "column": 12
          },
          "end": {
            "line": 198,
            "column": 38
          }
        },
        "type": "binary-expr",
        "locations": [
          {
            "start": {
              "line": 196,
              "column": 12
            },
            "end": {
              "line": 196,
              "column": 36
            }
          },
          {
            "start": {
              "line": 197,
              "column": 12
            },
            "end": {
              "line": 197,
              "column": 40
            }
          },
          {
            "start": {
              "line": 198,
              "column": 12
            },
            "end": {
              "line": 198,
              "column": 38
            }
          }
        ],
        "line": 196
      }
    },
    "s": {
      "0": 1,
      "1": 1,
      "2": 1,
      "3": 1,
      "4": 1,
      "5": 1,
      "6": 0,
      "7": 0,
      "8": 0,
      "9": 0,
      "10": 0,
      "11": 0,
      "12": 0,
      "13": 0,
      "14": 0,
      "15": 0,
      "16": 0,
      "17": 0,
      "18": 0,
      "19": 0,
      "20": 0,
      "21": 0,
      "22": 0,
      "23": 0,
      "24": 0,
      "25": 0,
      "26": 0,
      "27": 0,
      "28": 0,
      "29": 0,
      "30": 0,
      "31": 0,
      "32": 0,
      "33": 0,
      "34": 0,
      "35": 0,
      "36": 0,
      "37": 0,
      "38": 0,
      "39": 0,
      "40": 0,
      "41": 0,
      "42": 0,
      "43": 0,
      "44": 0,
      "45": 0,
      "46": 0,
      "47": 0,
      "48": 0,
      "49": 0,
      "50": 0,
      "51": 0,
      "52": 0,
      "53": 0,
      "54": 0,
      "55": 0,
      "56": 0,
      "57": 0,
      "58": 0,
      "59": 0,
      "60": 0,
      "61": 0,
      "62": 0,
      "63": 0,
      "64": 0,
      "65": 0,
      "66": 0,
      "67": 0,
      "68": 0,
      "69": 0,
      "70": 0,
      "71": 0,
      "72": 0,
      "73": 0,
      "74": 0,
      "75": 0,
      "76": 0,
      "77": 0,
      "78": 0,
      "79": 0,
      "80": 0,
      "81": 0,
      "82": 0,
      "83": 0,
      "84": 0,
      "85": 0,
      "86": 0,
      "87": 0,
      "88": 0,
      "89": 0,
      "90": 0,
      "91": 0,
      "92": 0,
      "93": 0,
      "94": 0,
      "95": 0,
      "96": 0
    },
    "f": {
      "0": 1,
      "1": 0,
      "2": 0,
      "3": 0,
      "4": 0,
      "5": 0,
      "6": 0,
      "7": 0,
      "8": 0,
      "9": 0,
      "10": 0,
      "11": 0,
      "12": 0
    },
    "b": {
      "0": [
        1,
        0
      ],
      "1": [
        1,
        0
      ],
      "2": [
        0,
        0
      ],
      "3": [
        0,
        0
      ],
      "4": [
        0,
        0
      ],
      "5": [
        0,
        0
      ],
      "6": [
        0,
        0
      ],
      "7": [
        0,
        0
      ],
      "8": [
        0,
        0
      ],
      "9": [
        0,
        0
      ],
      "10": [
        0,
        0,
        0,
        0,
        0,
        0
      ],
      "11": [
        0,
        0
      ],
      "12": [
        0,
        0,
        0
      ]
    },
    "_coverageSchema": "1a1c01bbd47fc00a2c39e90264f33305004495a9",
    "hash": "dc366017ebf432791a8f56273369b7ec49072e6e"
  },
  "C:\\Users\\steven.mcsorley\\projects\\test\\src\\js\\analytics\\analytics.js": {
    "path": "C:\\Users\\steven.mcsorley\\projects\\test\\src\\js\\analytics\\analytics.js",
    "statementMap": {
      "0": {
        "start": {
          "line": 1,
          "column": 25
        },
        "end": {
          "line": 28,
          "column": 1
        }
      },
      "1": {
        "start": {
          "line": 2,
          "column": 2
        },
        "end": {
          "line": 2,
          "column": 45
        }
      },
      "2": {
        "start": {
          "line": 3,
          "column": 20
        },
        "end": {
          "line": 3,
          "column": 39
        }
      },
      "3": {
        "start": {
          "line": 8,
          "column": 2
        },
        "end": {
          "line": 27,
          "column": 5
        }
      },
      "4": {
        "start": {
          "line": 9,
          "column": 4
        },
        "end": {
          "line": 26,
          "column": 3
        }
      },
      "5": {
        "start": {
          "line": 10,
          "column": 4
        },
        "end": {
          "line": 25,
          "column": 7
        }
      },
      "6": {
        "start": {
          "line": 11,
          "column": 6
        },
        "end": {
          "line": 11,
          "column": 37
        }
      },
      "7": {
        "start": {
          "line": 12,
          "column": 19
        },
        "end": {
          "line": 12,
          "column": 42
        }
      },
      "8": {
        "start": {
          "line": 13,
          "column": 6
        },
        "end": {
          "line": 13,
          "column": 48
        }
      },
      "9": {
        "start": {
          "line": 14,
          "column": 6
        },
        "end": {
          "line": 24,
          "column": 7
        }
      },
      "10": {
        "start": {
          "line": 15,
          "column": 8
        },
        "end": {
          "line": 15,
          "column": 47
        }
      },
      "11": {
        "start": {
          "line": 16,
          "column": 8
        },
        "end": {
          "line": 23,
          "column": 11
        }
      }
    },
    "fnMap": {
      "0": {
        "name": "(anonymous_0)",
        "decl": {
          "start": {
            "line": 1,
            "column": 25
          },
          "end": {
            "line": 1,
            "column": 26
          }
        },
        "loc": {
          "start": {
            "line": 1,
            "column": 31
          },
          "end": {
            "line": 28,
            "column": 1
          }
        },
        "line": 1
      },
      "1": {
        "name": "(anonymous_1)",
        "decl": {
          "start": {
            "line": 8,
            "column": 48
          },
          "end": {
            "line": 8,
            "column": 49
          }
        },
        "loc": {
          "start": {
            "line": 8,
            "column": 60
          },
          "end": {
            "line": 27,
            "column": 3
          }
        },
        "line": 8
      },
      "2": {
        "name": "(anonymous_2)",
        "decl": {
          "start": {
            "line": 9,
            "column": 22
          },
          "end": {
            "line": 9,
            "column": 23
          }
        },
        "loc": {
          "start": {
            "line": 9,
            "column": 33
          },
          "end": {
            "line": 26,
            "column": 1
          }
        },
        "line": 9
      },
      "3": {
        "name": "(anonymous_3)",
        "decl": {
          "start": {
            "line": 10,
            "column": 37
          },
          "end": {
            "line": 10,
            "column": 38
          }
        },
        "loc": {
          "start": {
            "line": 10,
            "column": 50
          },
          "end": {
            "line": 25,
            "column": 5
          }
        },
        "line": 10
      }
    },
    "branchMap": {
      "0": {
        "loc": {
          "start": {
            "line": 14,
            "column": 6
          },
          "end": {
            "line": 24,
            "column": 7
          }
        },
        "type": "if",
        "locations": [
          {
            "start": {
              "line": 14,
              "column": 6
            },
            "end": {
              "line": 24,
              "column": 7
            }
          },
          {
            "start": {},
            "end": {}
          }
        ],
        "line": 14
      }
    },
    "s": {
      "0": 1,
      "1": 1,
      "2": 1,
      "3": 1,
      "4": 1,
      "5": 2,
      "6": 0,
      "7": 0,
      "8": 0,
      "9": 0,
      "10": 0,
      "11": 0
    },
    "f": {
      "0": 1,
      "1": 1,
      "2": 2,
      "3": 0
    },
    "b": {
      "0": [
        0,
        0
      ]
    },
    "_coverageSchema": "1a1c01bbd47fc00a2c39e90264f33305004495a9",
    "hash": "d13d74e9928a4c02f165a36c2c44a5b414dfa02c"
  },
  "C:\\Users\\steven.mcsorley\\projects\\test\\src\\js\\index.js": {
    "path": "C:\\Users\\steven.mcsorley\\projects\\test\\src\\js\\index.js",
    "statementMap": {
      "0": {
        "start": {
          "line": 14,
          "column": 0
        },
        "end": {
          "line": 14,
          "column": 9
        }
      },
      "1": {
        "start": {
          "line": 15,
          "column": 0
        },
        "end": {
          "line": 15,
          "column": 9
        }
      },
      "2": {
        "start": {
          "line": 17,
          "column": 0
        },
        "end": {
          "line": 17,
          "column": 7
        }
      },
      "3": {
        "start": {
          "line": 18,
          "column": 0
        },
        "end": {
          "line": 18,
          "column": 10
        }
      },
      "4": {
        "start": {
          "line": 19,
          "column": 0
        },
        "end": {
          "line": 19,
          "column": 11
        }
      },
      "5": {
        "start": {
          "line": 20,
          "column": 0
        },
        "end": {
          "line": 20,
          "column": 12
        }
      }
    },
    "fnMap": {},
    "branchMap": {},
    "s": {
      "0": 1,
      "1": 1,
      "2": 1,
      "3": 1,
      "4": 1,
      "5": 1
    },
    "f": {},
    "b": {},
    "_coverageSchema": "1a1c01bbd47fc00a2c39e90264f33305004495a9",
    "hash": "db6737fb98aa24c591005e467d585853ba3dba53"
  }
}