<?xml version="1.0" encoding="UTF-8"?>
<coverage generated="1655453357584" clover="3.2.0">
  <project timestamp="1655453357584" name="All files">
    <metrics statements="16" coveredstatements="16" conditionals="6" coveredconditionals="5" methods="5" coveredmethods="5" elements="27" coveredelements="26" complexity="0" loc="16" ncloc="16" packages="2" files="2" classes="2"/>
    <package name="js">
      <metrics statements="1" coveredstatements="1" conditionals="0" coveredconditionals="0" methods="0" coveredmethods="0"/>
      <file name="index.js" path="C:\Users\steven.mcsorley\projects\test\src\js\index.js">
        <metrics statements="1" coveredstatements="1" conditionals="0" coveredconditionals="0" methods="0" coveredmethods="0"/>
        <line num="6" count="19" type="stmt"/>
      </file>
    </package>
    <package name="js.filter">
      <metrics statements="15" coveredstatements="15" conditionals="6" coveredconditionals="5" methods="5" coveredmethods="5"/>
      <file name="filter.js" path="C:\Users\steven.mcsorley\projects\test\src\js\filter\filter.js">
        <metrics statements="15" coveredstatements="15" conditionals="6" coveredconditionals="5" methods="5" coveredmethods="5"/>
        <line num="1" count="19" type="stmt"/>
        <line num="2" count="19" type="stmt"/>
        <line num="3" count="19" type="stmt"/>
        <line num="4" count="19" type="stmt"/>
        <line num="6" count="19" type="stmt"/>
        <line num="7" count="10" type="stmt"/>
        <line num="8" count="10" type="stmt"/>
        <line num="9" count="90" type="cond" truecount="4" falsecount="0"/>
        <line num="10" count="36" type="stmt"/>
        <line num="12" count="54" type="stmt"/>
        <line num="13" count="54" type="stmt"/>
        <line num="14" count="54" type="stmt"/>
        <line num="20" count="19" type="cond" truecount="1" falsecount="1"/>
        <line num="21" count="19" type="stmt"/>
        <line num="22" count="19" type="stmt"/>
      </file>
    </package>
  </project>
</coverage>
