{"total": {"lines":{"total":305,"covered":114,"skipped":0,"pct":37.37},"statements":{"total":309,"covered":114,"skipped":0,"pct":36.89},"functions":{"total":57,"covered":26,"skipped":0,"pct":45.61},"branches":{"total":83,"covered":29,"skipped":0,"pct":34.93},"branchesTrue":{"total":0,"covered":0,"skipped":0,"pct":100}}
,"C:\\Users\\steven.mcsorley\\projects\\test\\src\\js\\index.js": {"lines":{"total":6,"covered":6,"skipped":0,"pct":100},"functions":{"total":0,"covered":0,"skipped":0,"pct":100},"statements":{"total":6,"covered":6,"skipped":0,"pct":100},"branches":{"total":0,"covered":0,"skipped":0,"pct":100}}
,"C:\\Users\\steven.mcsorley\\projects\\test\\src\\js\\analytics\\analytics.js": {"lines":{"total":12,"covered":12,"skipped":0,"pct":100},"functions":{"total":4,"covered":4,"skipped":0,"pct":100},"statements":{"total":12,"covered":12,"skipped":0,"pct":100},"branches":{"total":2,"covered":1,"skipped":0,"pct":50}}
,"C:\\Users\\steven.mcsorley\\projects\\test\\src\\js\\booking\\booking.js": {"lines":{"total":42,"covered":6,"skipped":0,"pct":14.28},"functions":{"total":3,"covered":2,"skipped":0,"pct":66.66},"statements":{"total":44,"covered":6,"skipped":0,"pct":13.63},"branches":{"total":10,"covered":2,"skipped":0,"pct":20}}
,"C:\\Users\\steven.mcsorley\\projects\\test\\src\\js\\calendar\\calendar.js": {"lines":{"total":95,"covered":6,"skipped":0,"pct":6.31},"functions":{"total":13,"covered":1,"skipped":0,"pct":7.69},"statements":{"total":97,"covered":6,"skipped":0,"pct":6.18},"branches":{"total":31,"covered":2,"skipped":0,"pct":6.45}}
,"C:\\Users\\steven.mcsorley\\projects\\test\\src\\js\\filter\\filter.js": {"lines":{"total":15,"covered":15,"skipped":0,"pct":100},"functions":{"total":5,"covered":5,"skipped":0,"pct":100},"statements":{"total":15,"covered":15,"skipped":0,"pct":100},"branches":{"total":6,"covered":5,"skipped":0,"pct":83.33}}
,"C:\\Users\\steven.mcsorley\\projects\\test\\src\\js\\menu\\menu.js": {"lines":{"total":84,"covered":38,"skipped":0,"pct":45.23},"functions":{"total":14,"covered":2,"skipped":0,"pct":14.28},"statements":{"total":84,"covered":38,"skipped":0,"pct":45.23},"branches":{"total":20,"covered":10,"skipped":0,"pct":50}}
,"C:\\Users\\steven.mcsorley\\projects\\test\\src\\js\\scroll\\scroll.js": {"lines":{"total":48,"covered":28,"skipped":0,"pct":58.33},"functions":{"total":16,"covered":10,"skipped":0,"pct":62.5},"statements":{"total":48,"covered":28,"skipped":0,"pct":58.33},"branches":{"total":14,"covered":9,"skipped":0,"pct":64.28}}
,"C:\\Users\\steven.mcsorley\\projects\\test\\src\\js\\uuidv4\\uuidv4.js": {"lines":{"total":3,"covered":3,"skipped":0,"pct":100},"functions":{"total":2,"covered":2,"skipped":0,"pct":100},"statements":{"total":3,"covered":3,"skipped":0,"pct":100},"branches":{"total":0,"covered":0,"skipped":0,"pct":100}}
}
