{"C:\\Users\\steven.mcsorley\\projects\\test\\src\\js\\index.js": {"path":"C:\\Users\\steven.mcsorley\\projects\\test\\src\\js\\index.js","statementMap":{"0":{"start":{"line":9,"column":0},"end":{"line":9,"column":9}},"1":{"start":{"line":10,"column":0},"end":{"line":10,"column":9}}},"fnMap":{},"branchMap":{},"s":{"0":1,"1":1},"f":{},"b":{},"_coverageSchema":"1a1c01bbd47fc00a2c39e90264f33305004495a9","hash":"e5d09e3396cac98bf8b0e298d4831b28e078c131"}
,"C:\\Users\\steven.mcsorley\\projects\\test\\src\\js\\filter\\filter.js": {"path":"C:\\Users\\steven.mcsorley\\projects\\test\\src\\js\\filter\\filter.js","statementMap":{"0":{"start":{"line":1,"column":22},"end":{"line":25,"column":1}},"1":{"start":{"line":2,"column":25},"end":{"line":2,"column":67}},"2":{"start":{"line":3,"column":16},"end":{"line":3,"column":60}},"3":{"start":{"line":4,"column":28},"end":{"line":4,"column":31}},"4":{"start":{"line":6,"column":22},"end":{"line":18,"column":3}},"5":{"start":{"line":7,"column":16},"end":{"line":7,"column":36}},"6":{"start":{"line":8,"column":4},"end":{"line":17,"column":7}},"7":{"start":{"line":9,"column":6},"end":{"line":16,"column":7}},"8":{"start":{"line":10,"column":8},"end":{"line":10,"column":56}},"9":{"start":{"line":12,"column":8},"end":{"line":12,"column":43}},"10":{"start":{"line":13,"column":8},"end":{"line":15,"column":32}},"11":{"start":{"line":14,"column":10},"end":{"line":14,"column":39}},"12":{"start":{"line":20,"column":2},"end":{"line":24,"column":3}},"13":{"start":{"line":21,"column":4},"end":{"line":23,"column":7}},"14":{"start":{"line":22,"column":6},"end":{"line":22,"column":68}}},"fnMap":{"0":{"name":"(anonymous_0)","decl":{"start":{"line":1,"column":22},"end":{"line":1,"column":23}},"loc":{"start":{"line":1,"column":28},"end":{"line":25,"column":1}},"line":1},"1":{"name":"(anonymous_1)","decl":{"start":{"line":6,"column":22},"end":{"line":6,"column":23}},"loc":{"start":{"line":6,"column":28},"end":{"line":18,"column":3}},"line":6},"2":{"name":"(anonymous_2)","decl":{"start":{"line":8,"column":18},"end":{"line":8,"column":19}},"loc":{"start":{"line":8,"column":34},"end":{"line":17,"column":5}},"line":8},"3":{"name":"(anonymous_3)","decl":{"start":{"line":13,"column":19},"end":{"line":13,"column":20}},"loc":{"start":{"line":13,"column":31},"end":{"line":15,"column":9}},"line":13},"4":{"name":"(anonymous_4)","decl":{"start":{"line":21,"column":50},"end":{"line":21,"column":51}},"loc":{"start":{"line":21,"column":62},"end":{"line":23,"column":5}},"line":21}},"branchMap":{"0":{"loc":{"start":{"line":9,"column":6},"end":{"line":16,"column":7}},"type":"if","locations":[{"start":{"line":9,"column":6},"end":{"line":16,"column":7}},{"start":{"line":11,"column":13},"end":{"line":16,"column":7}}],"line":9},"1":{"loc":{"start":{"line":9,"column":10},"end":{"line":9,"column":60}},"type":"binary-expr","locations":[{"start":{"line":9,"column":10},"end":{"line":9,"column":41}},{"start":{"line":9,"column":45},"end":{"line":9,"column":60}}],"line":9},"2":{"loc":{"start":{"line":20,"column":2},"end":{"line":24,"column":3}},"type":"if","locations":[{"start":{"line":20,"column":2},"end":{"line":24,"column":3}},{"start":{},"end":{}}],"line":20}},"s":{"0":1,"1":1,"2":1,"3":1,"4":1,"5":0,"6":0,"7":0,"8":0,"9":0,"10":0,"11":0,"12":1,"13":1,"14":1},"f":{"0":1,"1":0,"2":0,"3":0,"4":1},"b":{"0":[0,0],"1":[0,0],"2":[1,0]},"_coverageSchema":"1a1c01bbd47fc00a2c39e90264f33305004495a9","hash":"e066fa81b7b037ec71b341d52c705976e1eaffd4"}
,"C:\\Users\\steven.mcsorley\\projects\\test\\src\\js\\scroll\\scroll.js": {"path":"C:\\Users\\steven.mcsorley\\projects\\test\\src\\js\\scroll\\scroll.js","statementMap":{"0":{"start":{"line":4,"column":22},"end":{"line":107,"column":1}},"1":{"start":{"line":5,"column":18},"end":{"line":5,"column":60}},"2":{"start":{"line":8,"column":13},"end":{"line":8,"column":72}},"3":{"start":{"line":11,"column":19},"end":{"line":11,"column":68}},"4":{"start":{"line":13,"column":20},"end":{"line":13,"column":65}},"5":{"start":{"line":15,"column":36},"end":{"line":39,"column":3}},"6":{"start":{"line":16,"column":4},"end":{"line":38,"column":5}},"7":{"start":{"line":19,"column":6},"end":{"line":25,"column":8}},"8":{"start":{"line":22,"column":10},"end":{"line":22,"column":60}},"9":{"start":{"line":28,"column":6},"end":{"line":33,"column":9}},"10":{"start":{"line":29,"column":8},"end":{"line":32,"column":11}},"11":{"start":{"line":35,"column":6},"end":{"line":35,"column":49}},"12":{"start":{"line":36,"column":6},"end":{"line":36,"column":70}},"13":{"start":{"line":37,"column":6},"end":{"line":37,"column":78}},"14":{"start":{"line":41,"column":2},"end":{"line":41,"column":78}},"15":{"start":{"line":42,"column":2},"end":{"line":42,"column":30}},"16":{"start":{"line":46,"column":15},"end":{"line":46,"column":19}},"17":{"start":{"line":47,"column":4},"end":{"line":54,"column":6}},"18":{"start":{"line":48,"column":14},"end":{"line":48,"column":23}},"19":{"start":{"line":49,"column":12},"end":{"line":49,"column":16}},"20":{"start":{"line":50,"column":6},"end":{"line":50,"column":25}},"21":{"start":{"line":51,"column":6},"end":{"line":53,"column":13}},"22":{"start":{"line":52,"column":8},"end":{"line":52,"column":23}},"23":{"start":{"line":59,"column":13},"end":{"line":59,"column":14}},"24":{"start":{"line":60,"column":4},"end":{"line":70,"column":6}},"25":{"start":{"line":61,"column":14},"end":{"line":61,"column":23}},"26":{"start":{"line":62,"column":12},"end":{"line":62,"column":16}},"27":{"start":{"line":63,"column":14},"end":{"line":63,"column":25}},"28":{"start":{"line":64,"column":14},"end":{"line":67,"column":9}},"29":{"start":{"line":65,"column":10},"end":{"line":65,"column":21}},"30":{"start":{"line":66,"column":10},"end":{"line":66,"column":25}},"31":{"start":{"line":68,"column":6},"end":{"line":68,"column":25}},"32":{"start":{"line":69,"column":6},"end":{"line":69,"column":62}},"33":{"start":{"line":73,"column":19},"end":{"line":73,"column":75}},"34":{"start":{"line":74,"column":25},"end":{"line":74,"column":67}},"35":{"start":{"line":75,"column":2},"end":{"line":84,"column":3}},"36":{"start":{"line":76,"column":4},"end":{"line":81,"column":7}},"37":{"start":{"line":78,"column":6},"end":{"line":80,"column":9}},"38":{"start":{"line":79,"column":8},"end":{"line":79,"column":43}},"39":{"start":{"line":83,"column":4},"end":{"line":83,"column":68}},"40":{"start":{"line":86,"column":32},"end":{"line":93,"column":3}},"41":{"start":{"line":87,"column":4},"end":{"line":92,"column":7}},"42":{"start":{"line":88,"column":6},"end":{"line":91,"column":7}},"43":{"start":{"line":90,"column":8},"end":{"line":90,"column":39}},"44":{"start":{"line":95,"column":34},"end":{"line":106,"column":3}},"45":{"start":{"line":96,"column":4},"end":{"line":105,"column":7}},"46":{"start":{"line":97,"column":6},"end":{"line":104,"column":7}},"47":{"start":{"line":101,"column":8},"end":{"line":101,"column":44}},"48":{"start":{"line":103,"column":8},"end":{"line":103,"column":39}}},"fnMap":{"0":{"name":"(anonymous_0)","decl":{"start":{"line":4,"column":22},"end":{"line":4,"column":23}},"loc":{"start":{"line":4,"column":28},"end":{"line":107,"column":1}},"line":4},"1":{"name":"(anonymous_1)","decl":{"start":{"line":15,"column":36},"end":{"line":15,"column":37}},"loc":{"start":{"line":15,"column":42},"end":{"line":39,"column":3}},"line":15},"2":{"name":"(anonymous_2)","decl":{"start":{"line":21,"column":8},"end":{"line":21,"column":9}},"loc":{"start":{"line":21,"column":14},"end":{"line":23,"column":9}},"line":21},"3":{"name":"(anonymous_3)","decl":{"start":{"line":28,"column":42},"end":{"line":28,"column":43}},"loc":{"start":{"line":28,"column":55},"end":{"line":33,"column":7}},"line":28},"4":{"name":"debounce","decl":{"start":{"line":44,"column":11},"end":{"line":44,"column":19}},"loc":{"start":{"line":44,"column":28},"end":{"line":55,"column":3}},"line":44},"5":{"name":"(anonymous_5)","decl":{"start":{"line":47,"column":11},"end":{"line":47,"column":12}},"loc":{"start":{"line":47,"column":23},"end":{"line":54,"column":5}},"line":47},"6":{"name":"(anonymous_6)","decl":{"start":{"line":51,"column":24},"end":{"line":51,"column":25}},"loc":{"start":{"line":51,"column":36},"end":{"line":53,"column":7}},"line":51},"7":{"name":"throttle","decl":{"start":{"line":56,"column":11},"end":{"line":56,"column":19}},"loc":{"start":{"line":56,"column":28},"end":{"line":71,"column":3}},"line":56},"8":{"name":"(anonymous_8)","decl":{"start":{"line":60,"column":11},"end":{"line":60,"column":12}},"loc":{"start":{"line":60,"column":23},"end":{"line":70,"column":5}},"line":60},"9":{"name":"(anonymous_9)","decl":{"start":{"line":64,"column":14},"end":{"line":64,"column":15}},"loc":{"start":{"line":64,"column":26},"end":{"line":67,"column":9}},"line":64},"10":{"name":"(anonymous_10)","decl":{"start":{"line":76,"column":45},"end":{"line":76,"column":46}},"loc":{"start":{"line":76,"column":51},"end":{"line":81,"column":5}},"line":76},"11":{"name":"(anonymous_11)","decl":{"start":{"line":78,"column":23},"end":{"line":78,"column":24}},"loc":{"start":{"line":78,"column":33},"end":{"line":80,"column":7}},"line":78},"12":{"name":"(anonymous_12)","decl":{"start":{"line":86,"column":32},"end":{"line":86,"column":33}},"loc":{"start":{"line":86,"column":54},"end":{"line":93,"column":3}},"line":86},"13":{"name":"(anonymous_13)","decl":{"start":{"line":87,"column":18},"end":{"line":87,"column":19}},"loc":{"start":{"line":87,"column":26},"end":{"line":92,"column":5}},"line":87},"14":{"name":"(anonymous_14)","decl":{"start":{"line":95,"column":34},"end":{"line":95,"column":35}},"loc":{"start":{"line":95,"column":56},"end":{"line":106,"column":3}},"line":95},"15":{"name":"(anonymous_15)","decl":{"start":{"line":96,"column":18},"end":{"line":96,"column":19}},"loc":{"start":{"line":96,"column":26},"end":{"line":105,"column":5}},"line":96}},"branchMap":{"0":{"loc":{"start":{"line":8,"column":13},"end":{"line":8,"column":72}},"type":"binary-expr","locations":[{"start":{"line":8,"column":13},"end":{"line":8,"column":31}},{"start":{"line":8,"column":35},"end":{"line":8,"column":72}}],"line":8},"1":{"loc":{"start":{"line":16,"column":4},"end":{"line":38,"column":5}},"type":"if","locations":[{"start":{"line":16,"column":4},"end":{"line":38,"column":5}},{"start":{"line":34,"column":11},"end":{"line":38,"column":5}}],"line":16},"2":{"loc":{"start":{"line":69,"column":6},"end":{"line":69,"column":61}},"type":"cond-expr","locations":[{"start":{"line":69,"column":25},"end":{"line":69,"column":30}},{"start":{"line":69,"column":34},"end":{"line":69,"column":60}}],"line":69},"3":{"loc":{"start":{"line":75,"column":2},"end":{"line":84,"column":3}},"type":"if","locations":[{"start":{"line":75,"column":2},"end":{"line":84,"column":3}},{"start":{},"end":{}}],"line":75},"4":{"loc":{"start":{"line":88,"column":6},"end":{"line":91,"column":7}},"type":"if","locations":[{"start":{"line":88,"column":6},"end":{"line":91,"column":7}},{"start":{},"end":{}}],"line":88},"5":{"loc":{"start":{"line":97,"column":6},"end":{"line":104,"column":7}},"type":"if","locations":[{"start":{"line":97,"column":6},"end":{"line":104,"column":7}},{"start":{},"end":{}}],"line":97},"6":{"loc":{"start":{"line":98,"column":8},"end":{"line":99,"column":45}},"type":"binary-expr","locations":[{"start":{"line":98,"column":8},"end":{"line":98,"column":45}},{"start":{"line":99,"column":8},"end":{"line":99,"column":45}}],"line":98}},"s":{"0":1,"1":1,"2":1,"3":1,"4":1,"5":1,"6":1,"7":1,"8":1,"9":1,"10":0,"11":0,"12":0,"13":0,"14":1,"15":1,"16":0,"17":0,"18":0,"19":0,"20":0,"21":0,"22":0,"23":0,"24":0,"25":0,"26":0,"27":0,"28":0,"29":0,"30":0,"31":0,"32":0,"33":1,"34":1,"35":1,"36":1,"37":0,"38":0,"39":1,"40":1,"41":1,"42":13,"43":10,"44":1,"45":0,"46":0,"47":0,"48":0},"f":{"0":1,"1":1,"2":1,"3":0,"4":0,"5":0,"6":0,"7":0,"8":0,"9":0,"10":0,"11":0,"12":1,"13":13,"14":0,"15":0},"b":{"0":[1,0],"1":[1,0],"2":[0,0],"3":[1,0],"4":[10,3],"5":[0,0],"6":[0,0]},"_coverageSchema":"1a1c01bbd47fc00a2c39e90264f33305004495a9","hash":"54b062971b12e67509717d0f9de8e9ed41b698e0"}
}
