{"C:\\Users\\steven.mcsorley\\projects\\test\\src\\js\\index.js": {"path":"C:\\Users\\steven.mcsorley\\projects\\test\\src\\js\\index.js","statementMap":{"0":{"start":{"line":6,"column":0},"end":{"line":6,"column":9}}},"fnMap":{},"branchMap":{},"s":{"0":19},"f":{},"b":{},"_coverageSchema":"1a1c01bbd47fc00a2c39e90264f33305004495a9","hash":"97aceb8e9a454e762f7062910cc1a5079f05992d"}
,"C:\\Users\\steven.mcsorley\\projects\\test\\src\\js\\filter\\filter.js": {"path":"C:\\Users\\steven.mcsorley\\projects\\test\\src\\js\\filter\\filter.js","statementMap":{"0":{"start":{"line":1,"column":22},"end":{"line":25,"column":1}},"1":{"start":{"line":2,"column":25},"end":{"line":2,"column":67}},"2":{"start":{"line":3,"column":16},"end":{"line":3,"column":60}},"3":{"start":{"line":4,"column":28},"end":{"line":4,"column":31}},"4":{"start":{"line":6,"column":22},"end":{"line":18,"column":3}},"5":{"start":{"line":7,"column":16},"end":{"line":7,"column":36}},"6":{"start":{"line":8,"column":4},"end":{"line":17,"column":7}},"7":{"start":{"line":9,"column":6},"end":{"line":16,"column":7}},"8":{"start":{"line":10,"column":8},"end":{"line":10,"column":56}},"9":{"start":{"line":12,"column":8},"end":{"line":12,"column":43}},"10":{"start":{"line":13,"column":8},"end":{"line":15,"column":32}},"11":{"start":{"line":14,"column":10},"end":{"line":14,"column":39}},"12":{"start":{"line":20,"column":2},"end":{"line":24,"column":3}},"13":{"start":{"line":21,"column":4},"end":{"line":23,"column":7}},"14":{"start":{"line":22,"column":6},"end":{"line":22,"column":68}}},"fnMap":{"0":{"name":"(anonymous_0)","decl":{"start":{"line":1,"column":22},"end":{"line":1,"column":23}},"loc":{"start":{"line":1,"column":28},"end":{"line":25,"column":1}},"line":1},"1":{"name":"(anonymous_1)","decl":{"start":{"line":6,"column":22},"end":{"line":6,"column":23}},"loc":{"start":{"line":6,"column":28},"end":{"line":18,"column":3}},"line":6},"2":{"name":"(anonymous_2)","decl":{"start":{"line":8,"column":18},"end":{"line":8,"column":19}},"loc":{"start":{"line":8,"column":34},"end":{"line":17,"column":5}},"line":8},"3":{"name":"(anonymous_3)","decl":{"start":{"line":13,"column":19},"end":{"line":13,"column":20}},"loc":{"start":{"line":13,"column":31},"end":{"line":15,"column":9}},"line":13},"4":{"name":"(anonymous_4)","decl":{"start":{"line":21,"column":50},"end":{"line":21,"column":51}},"loc":{"start":{"line":21,"column":62},"end":{"line":23,"column":5}},"line":21}},"branchMap":{"0":{"loc":{"start":{"line":9,"column":6},"end":{"line":16,"column":7}},"type":"if","locations":[{"start":{"line":9,"column":6},"end":{"line":16,"column":7}},{"start":{"line":11,"column":13},"end":{"line":16,"column":7}}],"line":9},"1":{"loc":{"start":{"line":9,"column":10},"end":{"line":9,"column":60}},"type":"binary-expr","locations":[{"start":{"line":9,"column":10},"end":{"line":9,"column":41}},{"start":{"line":9,"column":45},"end":{"line":9,"column":60}}],"line":9},"2":{"loc":{"start":{"line":20,"column":2},"end":{"line":24,"column":3}},"type":"if","locations":[{"start":{"line":20,"column":2},"end":{"line":24,"column":3}},{"start":{},"end":{}}],"line":20}},"s":{"0":19,"1":19,"2":19,"3":19,"4":19,"5":10,"6":10,"7":90,"8":36,"9":54,"10":54,"11":54,"12":19,"13":19,"14":19},"f":{"0":19,"1":10,"2":90,"3":54,"4":19},"b":{"0":[36,54],"1":[90,63],"2":[19,0]},"_coverageSchema":"1a1c01bbd47fc00a2c39e90264f33305004495a9","hash":"e066fa81b7b037ec71b341d52c705976e1eaffd4"}
}
