{"total": {"lines":{"total":305,"covered":94,"skipped":0,"pct":30.81},"statements":{"total":309,"covered":94,"skipped":0,"pct":30.42},"functions":{"total":57,"covered":17,"skipped":0,"pct":29.82},"branches":{"total":83,"covered":20,"skipped":0,"pct":24.09},"branchesTrue":{"total":0,"covered":0,"skipped":0,"pct":100}}
,"C:\\Users\\steven.mcsorley\\projects\\test\\src\\js\\index.js": {"lines":{"total":6,"covered":6,"skipped":0,"pct":100},"functions":{"total":0,"covered":0,"skipped":0,"pct":100},"statements":{"total":6,"covered":6,"skipped":0,"pct":100},"branches":{"total":0,"covered":0,"skipped":0,"pct":100}}
,"C:\\Users\\steven.mcsorley\\projects\\test\\src\\js\\analytics\\analytics.js": {"lines":{"total":12,"covered":6,"skipped":0,"pct":50},"functions":{"total":4,"covered":3,"skipped":0,"pct":75},"statements":{"total":12,"covered":6,"skipped":0,"pct":50},"branches":{"total":2,"covered":0,"skipped":0,"pct":0}}
,"C:\\Users\\steven.mcsorley\\projects\\test\\src\\js\\booking\\booking.js": {"lines":{"total":42,"covered":6,"skipped":0,"pct":14.28},"functions":{"total":3,"covered":2,"skipped":0,"pct":66.66},"statements":{"total":44,"covered":6,"skipped":0,"pct":13.63},"branches":{"total":10,"covered":2,"skipped":0,"pct":20}}
,"C:\\Users\\steven.mcsorley\\projects\\test\\src\\js\\calendar\\calendar.js": {"lines":{"total":95,"covered":6,"skipped":0,"pct":6.31},"functions":{"total":13,"covered":1,"skipped":0,"pct":7.69},"statements":{"total":97,"covered":6,"skipped":0,"pct":6.18},"branches":{"total":31,"covered":2,"skipped":0,"pct":6.45}}
,"C:\\Users\\steven.mcsorley\\projects\\test\\src\\js\\filter\\filter.js": {"lines":{"total":15,"covered":8,"skipped":0,"pct":53.33},"functions":{"total":5,"covered":2,"skipped":0,"pct":40},"statements":{"total":15,"covered":8,"skipped":0,"pct":53.33},"branches":{"total":6,"covered":1,"skipped":0,"pct":16.66}}
,"C:\\Users\\steven.mcsorley\\projects\\test\\src\\js\\menu\\menu.js": {"lines":{"total":84,"covered":38,"skipped":0,"pct":45.23},"functions":{"total":14,"covered":2,"skipped":0,"pct":14.28},"statements":{"total":84,"covered":38,"skipped":0,"pct":45.23},"branches":{"total":20,"covered":10,"skipped":0,"pct":50}}
,"C:\\Users\\steven.mcsorley\\projects\\test\\src\\js\\scroll\\scroll.js": {"lines":{"total":48,"covered":21,"skipped":0,"pct":43.75},"functions":{"total":16,"covered":5,"skipped":0,"pct":31.25},"statements":{"total":48,"covered":21,"skipped":0,"pct":43.75},"branches":{"total":14,"covered":5,"skipped":0,"pct":35.71}}
,"C:\\Users\\steven.mcsorley\\projects\\test\\src\\js\\uuidv4\\uuidv4.js": {"lines":{"total":3,"covered":3,"skipped":0,"pct":100},"functions":{"total":2,"covered":2,"skipped":0,"pct":100},"statements":{"total":3,"covered":3,"skipped":0,"pct":100},"branches":{"total":0,"covered":0,"skipped":0,"pct":100}}
}
