TN:
SF:src\js\index.js
FNF:0
FNH:0
DA:6,1
LF:1
LH:1
BRF:0
BRH:0
end_of_record
TN:
SF:src\js\filter\filter.js
FN:1,(anonymous_0)
FN:6,(anonymous_1)
FN:8,(anonymous_2)
FN:13,(anonymous_3)
FN:21,(anonymous_4)
FNF:5
FNH:5
FNDA:1,(anonymous_0)
FNDA:1,(anonymous_1)
FNDA:9,(anonymous_2)
FNDA:6,(anonymous_3)
FNDA:1,(anonymous_4)
DA:1,1
DA:2,1
DA:3,1
DA:4,1
DA:6,1
DA:7,1
DA:8,1
DA:9,9
DA:10,3
DA:12,6
DA:13,6
DA:14,6
DA:20,1
DA:21,1
DA:22,1
LF:15
LH:15
BRDA:9,0,0,3
BRDA:9,0,1,6
BRDA:9,1,0,9
BRDA:9,1,1,6
BRDA:20,2,0,1
BRDA:20,2,1,0
BRF:6
BRH:5
end_of_record
