TN:
SF:src\js\index.js
FNF:0
FNH:0
DA:9,1
DA:10,1
LF:2
LH:2
BRF:0
BRH:0
end_of_record
TN:
SF:src\js\filter\filter.js
FN:1,(anonymous_0)
FN:6,(anonymous_1)
FN:8,(anonymous_2)
FN:13,(anonymous_3)
FN:21,(anonymous_4)
FNF:5
FNH:2
FNDA:1,(anonymous_0)
FNDA:0,(anonymous_1)
FNDA:0,(anonymous_2)
FNDA:0,(anonymous_3)
FNDA:1,(anonymous_4)
DA:1,1
DA:2,1
DA:3,1
DA:4,1
DA:6,1
DA:7,0
DA:8,0
DA:9,0
DA:10,0
DA:12,0
DA:13,0
DA:14,0
DA:20,1
DA:21,1
DA:22,1
LF:15
LH:8
BRDA:9,0,0,0
BRDA:9,0,1,0
BRDA:9,1,0,0
BRDA:9,1,1,0
BRDA:20,2,0,1
BRDA:20,2,1,0
BRF:6
BRH:1
end_of_record
TN:
SF:src\js\scroll\scroll.js
FN:4,(anonymous_0)
FN:15,(anonymous_1)
FN:21,(anonymous_2)
FN:28,(anonymous_3)
FN:44,debounce
FN:47,(anonymous_5)
FN:51,(anonymous_6)
FN:56,throttle
FN:60,(anonymous_8)
FN:64,(anonymous_9)
FN:76,(anonymous_10)
FN:78,(anonymous_11)
FN:86,(anonymous_12)
FN:87,(anonymous_13)
FN:95,(anonymous_14)
FN:96,(anonymous_15)
FNF:16
FNH:5
FNDA:1,(anonymous_0)
FNDA:1,(anonymous_1)
FNDA:1,(anonymous_2)
FNDA:0,(anonymous_3)
FNDA:0,debounce
FNDA:0,(anonymous_5)
FNDA:0,(anonymous_6)
FNDA:0,throttle
FNDA:0,(anonymous_8)
FNDA:0,(anonymous_9)
FNDA:0,(anonymous_10)
FNDA:0,(anonymous_11)
FNDA:1,(anonymous_12)
FNDA:13,(anonymous_13)
FNDA:0,(anonymous_14)
FNDA:0,(anonymous_15)
DA:4,1
DA:5,1
DA:8,1
DA:11,1
DA:13,1
DA:15,1
DA:16,1
DA:19,1
DA:22,1
DA:28,1
DA:29,0
DA:35,0
DA:36,0
DA:37,0
DA:41,1
DA:42,1
DA:46,0
DA:47,0
DA:48,0
DA:49,0
DA:50,0
DA:51,0
DA:52,0
DA:59,0
DA:60,0
DA:61,0
DA:62,0
DA:63,0
DA:64,0
DA:65,0
DA:66,0
DA:68,0
DA:69,0
DA:73,1
DA:74,1
DA:75,1
DA:76,1
DA:78,0
DA:79,0
DA:83,1
DA:86,1
DA:87,1
DA:88,13
DA:90,10
DA:95,1
DA:96,0
DA:97,0
DA:101,0
DA:103,0
LF:49
LH:22
BRDA:8,0,0,1
BRDA:8,0,1,0
BRDA:16,1,0,1
BRDA:16,1,1,0
BRDA:69,2,0,0
BRDA:69,2,1,0
BRDA:75,3,0,1
BRDA:75,3,1,0
BRDA:88,4,0,10
BRDA:88,4,1,3
BRDA:97,5,0,0
BRDA:97,5,1,0
BRDA:98,6,0,0
BRDA:98,6,1,0
BRF:14
BRH:5
end_of_record
